  Building Custom Rule F:/code/3rdparty/freeglut-3.0.0/freeglut-3.0.0/CMakeLists.txt
  fg_callbacks.c
  fg_cursor.c
  fg_display.c
  fg_ext.c
  fg_font_data.c
  fg_gamemode.c
  fg_geometry.c
  fg_gl2.c
  fg_init.c
  fg_input_devices.c
  fg_joystick.c
  fg_main.c
  fg_misc.c
  fg_overlay.c
  fg_spaceball.c
  fg_state.c
  fg_stroke_mono_roman.c
  fg_stroke_roman.c
  fg_structure.c
  fg_teapot.c
  正在生成代码...
  正在编译...
  fg_videoresize.c
  fg_window.c
  fg_font.c
  fg_menu.c
  fg_cursor_mswin.c
  fg_display_mswin.c
  fg_ext_mswin.c
  fg_gamemode_mswin.c
  fg_init_mswin.c
  fg_input_devices_mswin.c
  fg_joystick_mswin.c
  fg_main_mswin.c
  fg_menu_mswin.c
  fg_spaceball_mswin.c
  fg_state_mswin.c
  fg_structure_mswin.c
  fg_window_mswin.c
  xparsegeometry_repl.c
  正在生成代码...
F:\code\3rdparty\freeglut-3.0.0\freeglut-3.0.0\src\fg_teapot.c(1,1): warning C4819: 该文件包含不能在当前代码页(936)中表示的字符。请将该文件保存为 Unicode 格式以防止数据丢失
F:\code\3rdparty\freeglut-3.0.0\freeglut-3.0.0\src\fg_teapot.c(1,1): warning C4819: fgSetupPixelFormat(): there is still some work to do here!
    正在创建库 F:/code/3rdparty/freeglut-3.0.0/vs2019/lib/Release/freeglut.lib 和对象 F:/code/3rdparty/freeglut-3.0.0/vs2019/lib/Release/freeglut.exp
  freeglut.vcxproj -> F:\code\3rdparty\freeglut-3.0.0\vs2019\bin\Release\freeglut.dll
