  Building Custom Rule F:/code/3rdparty/zlib-1.2.11/zlib-1.2.11/CMakeLists.txt
  adler32.c
  compress.c
  crc32.c
  deflate.c
  gzclose.c
  gzlib.c
  gzread.c
F:\code\3rdparty\zlib-1.2.11\zlib-1.2.11\gzread.c(319,20): warning C4267: “=”: 从“size_t”转换到“unsigned int”，可能丢失数据
F:\code\3rdparty\zlib-1.2.11\zlib-1.2.11\gzread.c(400,35): warning C4267: “=”: 从“size_t”转换到“unsigned int”，可能丢失数据
  gzwrite.c
F:\code\3rdparty\zlib-1.2.11\zlib-1.2.11\gzread.c(472,33): warning C4267: “=”: 从“size_t”转换到“int”，可能丢失数据
F:\code\3rdparty\zlib-1.2.11\zlib-1.2.11\gzwrite.c(212,27): warning C4267: “=”: 从“size_t”转换到“unsigned int”，可能丢失数据
F:\code\3rdparty\zlib-1.2.11\zlib-1.2.11\gzwrite.c(232,24): warning C4267: “=”: 从“size_t”转换到“unsigned int”，可能丢失数据
  inflate.c
  infback.c
  inftrees.c
  inffast.c
  trees.c
  uncompr.c
  zutil.c
  正在生成代码...
F:\code\3rdparty\zlib-1.2.11\zlib-1.2.11\gzwrite.c(371,36): warning C4267: “=”: 从“size_t”转换到“int”，可能丢失数据
    正在创建库 F:/code/3rdparty/zlib-1.2.11/vs2019/Release/zlib.lib 和对象 F:/code/3rdparty/zlib-1.2.11/vs2019/Release/zlib.exp
  zlib.vcxproj -> F:\code\3rdparty\zlib-1.2.11\vs2019\Release\zlib.dll
