生成启动时间为 2019/3/18 星期一 上午 9:30:18。
     1>项目“E:\Qt projects\libpng\lpng1621\projects\vstudio\pngunknown\pngunknown.vcxproj”在节点 3 上(Build 个目标)。
     1>ClCompile:
         E:\Vs\vs2013\VC\bin\x86_amd64\CL.exe /c /I"..\..\..\..\zlib-1.2.8" /I..\..\..\scripts /Zi /nologo /W4 /WX /Ox /Oi /GL /D WIN32 /D NDEBUG /D _CONSOLE /D PNG_USE_DLL /D _UNICODE /D UNICODE /GF /Gm- /EHsc /MD /GS /Gy- /fp:precise /fp:except- /Zc:wchar_t /Zc:forScope /Fo"x64\Release\\" /Fd"x64\Release\vc120.pdb" /FR"x64\Release\\" /Gd /TC /wd4996 /wd4127 /errorReport:prompt ..\..\..\contrib\libtests\pngunknown.c
         pngunknown.c
       Link:
         E:\Vs\vs2013\VC\bin\x86_amd64\link.exe /ERRORREPORT:PROMPT /OUT:"E:\Qt projects\libpng\lpng1621\projects\vstudio\x64\Release\pngunknown.exe" /INCREMENTAL:NO /NOLOGO /LIBPATH:"E:\Qt projects\libpng\lpng1621\projects\vstudio\x64\Release\\" libpng16.lib /MANIFEST /MANIFESTUAC:"level='asInvoker' uiAccess='false'" /manifest:embed /DEBUG /PDB:"E:\Qt projects\libpng\lpng1621\projects\vstudio\x64\Release\pngunknown.pdb" /SUBSYSTEM:CONSOLE /OPT:REF /OPT:ICF /LTCG /TLBID:1 /DYNAMICBASE /NXCOMPAT /IMPLIB:"E:\Qt projects\libpng\lpng1621\projects\vstudio\x64\Release\pngunknown.lib" /MACHINE:X64 x64\Release\pngunknown.obj
         正在生成代码
         已完成代码的生成
         pngunknown.vcxproj -> E:\Qt projects\libpng\lpng1621\projects\vstudio\x64\Release\pngunknown.exe
       BscMake:
         E:\Vs\vs2013\VC\bin\bscmake.exe /nologo /o"E:\Qt projects\libpng\lpng1621\projects\vstudio\x64\Release\pngunknown.bsc" x64\Release\pngunknown.sbr
       CustomBuildStep:
         "E:\Qt projects\libpng\lpng1621\projects\vstudio\x64\Release\pngunknown.exe" --strict --default --touch "x64\Release\pngunknown.out" ../../../pngtest.png
         :VCEnd
         PASS: E:\Qt projects\libpng\lpng1621\projects\vstudio\x64\Release\pngunknown.exe discard
         PASS: E:\Qt projects\libpng\lpng1621\projects\vstudio\x64\Release\pngunknown.exe save
         PASS: E:\Qt projects\libpng\lpng1621\projects\vstudio\x64\Release\pngunknown.exe if-safe
         PASS: E:\Qt projects\libpng\lpng1621\projects\vstudio\x64\Release\pngunknown.exe vpAg
         PASS: E:\Qt projects\libpng\lpng1621\projects\vstudio\x64\Release\pngunknown.exe sTER
         PASS: E:\Qt projects\libpng\lpng1621\projects\vstudio\x64\Release\pngunknown.exe IDAT
         PASS: E:\Qt projects\libpng\lpng1621\projects\vstudio\x64\Release\pngunknown.exe sAPI
     1>已完成生成项目“E:\Qt projects\libpng\lpng1621\projects\vstudio\pngunknown\pngunknown.vcxproj”(Build 个目标)的操作。

生成成功。

已用时间 00:00:04.91
