  -- Install configuration: "Release"
  -- Installing: F:/code/3rdparty/geos-3.8.1/install/lib/geos.lib
  -- Installing: F:/code/3rdparty/geos-3.8.1/install/bin/geos.dll
  -- Installing: F:/code/3rdparty/geos-3.8.1/install/lib/geos_c.lib
  -- Installing: F:/code/3rdparty/geos-3.8.1/install/bin/geos_c.dll
  -- Up-to-date: F:/code/3rdparty/geos-3.8.1/install/lib/cmake/GEOS/geos-targets.cmake
  -- Up-to-date: F:/code/3rdparty/geos-3.8.1/install/lib/cmake/GEOS/geos-targets-release.cmake
  -- Up-to-date: F:/code/3rdparty/geos-3.8.1/install/lib/cmake/GEOS/geos-config.cmake
  -- Up-to-date: F:/code/3rdparty/geos-3.8.1/install/lib/cmake/GEOS/geos-config-version.cmake
  -- Up-to-date: F:/code/3rdparty/geos-3.8.1/install/include/geos
  -- Up-to-date: F:/code/3rdparty/geos-3.8.1/install/include/geos/algorithm
  -- Up-to-date: F:/code/3rdparty/geos-3.8.1/install/include/geos/algorithm/Angle.h
  -- Up-to-date: F:/code/3rdparty/geos-3.8.1/install/include/geos/algorithm/Area.h
  -- Up-to-date: F:/code/3rdparty/geos-3.8.1/install/include/geos/algorithm/BoundaryNodeRule.h
  -- Up-to-date: F:/code/3rdparty/geos-3.8.1/install/include/geos/algorithm/CentralEndpointIntersector.h
  -- Up-to-date: F:/code/3rdparty/geos-3.8.1/install/include/geos/algorithm/Centroid.h
  -- Up-to-date: F:/code/3rdparty/geos-3.8.1/install/include/geos/algorithm/CGAlgorithmsDD.h
  -- Up-to-date: F:/code/3rdparty/geos-3.8.1/install/include/geos/algorithm/ConvexHull.h
  -- Up-to-date: F:/code/3rdparty/geos-3.8.1/install/include/geos/algorithm/distance
  -- Up-to-date: F:/code/3rdparty/geos-3.8.1/install/include/geos/algorithm/distance/DiscreteFrechetDistance.h
  -- Up-to-date: F:/code/3rdparty/geos-3.8.1/install/include/geos/algorithm/distance/DiscreteHausdorffDistance.h
  -- Up-to-date: F:/code/3rdparty/geos-3.8.1/install/include/geos/algorithm/distance/DistanceToPoint.h
  -- Up-to-date: F:/code/3rdparty/geos-3.8.1/install/include/geos/algorithm/distance/PointPairDistance.h
  -- Up-to-date: F:/code/3rdparty/geos-3.8.1/install/include/geos/algorithm/Distance.h
  -- Up-to-date: F:/code/3rdparty/geos-3.8.1/install/include/geos/algorithm/HCoordinate.h
  -- Up-to-date: F:/code/3rdparty/geos-3.8.1/install/include/geos/algorithm/InteriorPointArea.h
  -- Up-to-date: F:/code/3rdparty/geos-3.8.1/install/include/geos/algorithm/InteriorPointLine.h
  -- Up-to-date: F:/code/3rdparty/geos-3.8.1/install/include/geos/algorithm/InteriorPointPoint.h
  -- Up-to-date: F:/code/3rdparty/geos-3.8.1/install/include/geos/algorithm/Intersection.h
  -- Up-to-date: F:/code/3rdparty/geos-3.8.1/install/include/geos/algorithm/Length.h
  -- Up-to-date: F:/code/3rdparty/geos-3.8.1/install/include/geos/algorithm/LineIntersector.h
  -- Up-to-date: F:/code/3rdparty/geos-3.8.1/install/include/geos/algorithm/locate
  -- Up-to-date: F:/code/3rdparty/geos-3.8.1/install/include/geos/algorithm/locate/IndexedPointInAreaLocator.h
  -- Up-to-date: F:/code/3rdparty/geos-3.8.1/install/include/geos/algorithm/locate/PointOnGeometryLocator.h
  -- Up-to-date: F:/code/3rdparty/geos-3.8.1/install/include/geos/algorithm/locate/SimplePointInAreaLocator.h
  -- Up-to-date: F:/code/3rdparty/geos-3.8.1/install/include/geos/algorithm/MinimumBoundingCircle.h
  -- Up-to-date: F:/code/3rdparty/geos-3.8.1/install/include/geos/algorithm/MinimumDiameter.h
  -- Up-to-date: F:/code/3rdparty/geos-3.8.1/install/include/geos/algorithm/NotRepresentableException.h
  -- Up-to-date: F:/code/3rdparty/geos-3.8.1/install/include/geos/algorithm/Orientation.h
  -- Up-to-date: F:/code/3rdparty/geos-3.8.1/install/include/geos/algorithm/PointLocation.h
  -- Up-to-date: F:/code/3rdparty/geos-3.8.1/install/include/geos/algorithm/PointLocator.h
  -- Up-to-date: F:/code/3rdparty/geos-3.8.1/install/include/geos/algorithm/RayCrossingCounter.h
  -- Up-to-date: F:/code/3rdparty/geos-3.8.1/install/include/geos/algorithm/RayCrossingCounterDD.h
  -- Up-to-date: F:/code/3rdparty/geos-3.8.1/install/include/geos/algorithm/RobustDeterminant.h
  -- Up-to-date: F:/code/3rdparty/geos-3.8.1/install/include/geos/algorithm/ttmath
  -- Up-to-date: F:/code/3rdparty/geos-3.8.1/install/include/geos/algorithm/ttmath/ttmath.h
  -- Up-to-date: F:/code/3rdparty/geos-3.8.1/install/include/geos/algorithm/ttmath/ttmathbig.h
  -- Up-to-date: F:/code/3rdparty/geos-3.8.1/install/include/geos/algorithm/ttmath/ttmathdec.h
  -- Up-to-date: F:/code/3rdparty/geos-3.8.1/install/include/geos/algorithm/ttmath/ttmathint.h
  -- Up-to-date: F:/code/3rdparty/geos-3.8.1/install/include/geos/algorithm/ttmath/ttmathmisc.h
  -- Up-to-date: F:/code/3rdparty/geos-3.8.1/install/include/geos/algorithm/ttmath/ttmathobjects.h
  -- Up-to-date: F:/code/3rdparty/geos-3.8.1/install/include/geos/algorithm/ttmath/ttmathparser.h
  -- Up-to-date: F:/code/3rdparty/geos-3.8.1/install/include/geos/algorithm/ttmath/ttmaththreads.h
  -- Up-to-date: F:/code/3rdparty/geos-3.8.1/install/include/geos/algorithm/ttmath/ttmathtypes.h
  -- Up-to-date: F:/code/3rdparty/geos-3.8.1/install/include/geos/algorithm/ttmath/ttmathuint.h
  -- Up-to-date: F:/code/3rdparty/geos-3.8.1/install/include/geos/algorithm/ttmath/ttmathuint_noasm.h
  -- Up-to-date: F:/code/3rdparty/geos-3.8.1/install/include/geos/algorithm/ttmath/ttmathuint_x86.h
  -- Up-to-date: F:/code/3rdparty/geos-3.8.1/install/include/geos/algorithm/ttmath/ttmathuint_x86_64.h
  -- Up-to-date: F:/code/3rdparty/geos-3.8.1/install/include/geos/constants.h
  -- Up-to-date: F:/code/3rdparty/geos-3.8.1/install/include/geos/export.h
  -- Up-to-date: F:/code/3rdparty/geos-3.8.1/install/include/geos/geom
  -- Up-to-date: F:/code/3rdparty/geos-3.8.1/install/include/geos/geom/BinaryOp.h
  -- Up-to-date: F:/code/3rdparty/geos-3.8.1/install/include/geos/geom/Coordinate.h
  -- Up-to-date: F:/code/3rdparty/geos-3.8.1/install/include/geos/geom/CoordinateArraySequence.h
  -- Up-to-date: F:/code/3rdparty/geos-3.8.1/install/include/geos/geom/CoordinateArraySequenceFactory.h
  -- Up-to-date: F:/code/3rdparty/geos-3.8.1/install/include/geos/geom/CoordinateFilter.h
  -- Up-to-date: F:/code/3rdparty/geos-3.8.1/install/include/geos/geom/CoordinateList.h
  -- Up-to-date: F:/code/3rdparty/geos-3.8.1/install/include/geos/geom/CoordinateSequence.h
  -- Up-to-date: F:/code/3rdparty/geos-3.8.1/install/include/geos/geom/CoordinateSequenceFactory.h
  -- Up-to-date: F:/code/3rdparty/geos-3.8.1/install/include/geos/geom/CoordinateSequenceFilter.h
  -- Up-to-date: F:/code/3rdparty/geos-3.8.1/install/include/geos/geom/DefaultCoordinateSequenceFactory.h
  -- Up-to-date: F:/code/3rdparty/geos-3.8.1/install/include/geos/geom/Dimension.h
  -- Up-to-date: F:/code/3rdparty/geos-3.8.1/install/include/geos/geom/Envelope.h
  -- Up-to-date: F:/code/3rdparty/geos-3.8.1/install/include/geos/geom/FixedSizeCoordinateSequence.h
  -- Up-to-date: F:/code/3rdparty/geos-3.8.1/install/include/geos/geom/Geometry.h
  -- Up-to-date: F:/code/3rdparty/geos-3.8.1/install/include/geos/geom/GeometryCollection.h
  -- Up-to-date: F:/code/3rdparty/geos-3.8.1/install/include/geos/geom/GeometryComponentFilter.h
  -- Up-to-date: F:/code/3rdparty/geos-3.8.1/install/include/geos/geom/GeometryFactory.h
  -- Up-to-date: F:/code/3rdparty/geos-3.8.1/install/include/geos/geom/GeometryFilter.h
  -- Up-to-date: F:/code/3rdparty/geos-3.8.1/install/include/geos/geom/IntersectionMatrix.h
  -- Up-to-date: F:/code/3rdparty/geos-3.8.1/install/include/geos/geom/LinearRing.h
  -- Up-to-date: F:/code/3rdparty/geos-3.8.1/install/include/geos/geom/LineSegment.h
  -- Up-to-date: F:/code/3rdparty/geos-3.8.1/install/include/geos/geom/LineString.h
  -- Up-to-date: F:/code/3rdparty/geos-3.8.1/install/include/geos/geom/Location.h
  -- Up-to-date: F:/code/3rdparty/geos-3.8.1/install/include/geos/geom/MultiLineString.h
  -- Up-to-date: F:/code/3rdparty/geos-3.8.1/install/include/geos/geom/MultiPoint.h
  -- Up-to-date: F:/code/3rdparty/geos-3.8.1/install/include/geos/geom/MultiPolygon.h
  -- Up-to-date: F:/code/3rdparty/geos-3.8.1/install/include/geos/geom/Point.h
  -- Up-to-date: F:/code/3rdparty/geos-3.8.1/install/include/geos/geom/Polygon.h
  -- Up-to-date: F:/code/3rdparty/geos-3.8.1/install/include/geos/geom/PrecisionModel.h
  -- Up-to-date: F:/code/3rdparty/geos-3.8.1/install/include/geos/geom/prep
  -- Up-to-date: F:/code/3rdparty/geos-3.8.1/install/include/geos/geom/prep/AbstractPreparedPolygonContains.h
  -- Up-to-date: F:/code/3rdparty/geos-3.8.1/install/include/geos/geom/prep/BasicPreparedGeometry.h
  -- Up-to-date: F:/code/3rdparty/geos-3.8.1/install/include/geos/geom/prep/PreparedGeometry.h
  -- Up-to-date: F:/code/3rdparty/geos-3.8.1/install/include/geos/geom/prep/PreparedGeometryFactory.h
  -- Up-to-date: F:/code/3rdparty/geos-3.8.1/install/include/geos/geom/prep/PreparedLineString.h
  -- Up-to-date: F:/code/3rdparty/geos-3.8.1/install/include/geos/geom/prep/PreparedLineStringIntersects.h
  -- Up-to-date: F:/code/3rdparty/geos-3.8.1/install/include/geos/geom/prep/PreparedPoint.h
  -- Up-to-date: F:/code/3rdparty/geos-3.8.1/install/include/geos/geom/prep/PreparedPolygon.h
  -- Up-to-date: F:/code/3rdparty/geos-3.8.1/install/include/geos/geom/prep/PreparedPolygonContains.h
  -- Up-to-date: F:/code/3rdparty/geos-3.8.1/install/include/geos/geom/prep/PreparedPolygonContainsProperly.h
  -- Up-to-date: F:/code/3rdparty/geos-3.8.1/install/include/geos/geom/prep/PreparedPolygonCovers.h
  -- Up-to-date: F:/code/3rdparty/geos-3.8.1/install/include/geos/geom/prep/PreparedPolygonIntersects.h
  -- Up-to-date: F:/code/3rdparty/geos-3.8.1/install/include/geos/geom/prep/PreparedPolygonPredicate.h
  -- Up-to-date: F:/code/3rdparty/geos-3.8.1/install/include/geos/geom/Triangle.h
  -- Up-to-date: F:/code/3rdparty/geos-3.8.1/install/include/geos/geom/util
  -- Up-to-date: F:/code/3rdparty/geos-3.8.1/install/include/geos/geom/util/ComponentCoordinateExtracter.h
  -- Up-to-date: F:/code/3rdparty/geos-3.8.1/install/include/geos/geom/util/CoordinateOperation.h
  -- Up-to-date: F:/code/3rdparty/geos-3.8.1/install/include/geos/geom/util/Densifier.h
  -- Up-to-date: F:/code/3rdparty/geos-3.8.1/install/include/geos/geom/util/GeometryCombiner.h
  -- Up-to-date: F:/code/3rdparty/geos-3.8.1/install/include/geos/geom/util/GeometryEditor.h
  -- Up-to-date: F:/code/3rdparty/geos-3.8.1/install/include/geos/geom/util/GeometryEditorOperation.h
  -- Up-to-date: F:/code/3rdparty/geos-3.8.1/install/include/geos/geom/util/GeometryExtracter.h
  -- Up-to-date: F:/code/3rdparty/geos-3.8.1/install/include/geos/geom/util/GeometryTransformer.h
  -- Up-to-date: F:/code/3rdparty/geos-3.8.1/install/include/geos/geom/util/LinearComponentExtracter.h
  -- Up-to-date: F:/code/3rdparty/geos-3.8.1/install/include/geos/geom/util/PointExtracter.h
  -- Up-to-date: F:/code/3rdparty/geos-3.8.1/install/include/geos/geom/util/PolygonExtracter.h
  -- Up-to-date: F:/code/3rdparty/geos-3.8.1/install/include/geos/geom/util/ShortCircuitedGeometryVisitor.h
  -- Up-to-date: F:/code/3rdparty/geos-3.8.1/install/include/geos/geom/util/SineStarFactory.h
  -- Up-to-date: F:/code/3rdparty/geos-3.8.1/install/include/geos/geom.h
  -- Up-to-date: F:/code/3rdparty/geos-3.8.1/install/include/geos/geomgraph
  -- Up-to-date: F:/code/3rdparty/geos-3.8.1/install/include/geos/geomgraph/Depth.h
  -- Up-to-date: F:/code/3rdparty/geos-3.8.1/install/include/geos/geomgraph/DirectedEdge.h
  -- Up-to-date: F:/code/3rdparty/geos-3.8.1/install/include/geos/geomgraph/DirectedEdgeStar.h
  -- Up-to-date: F:/code/3rdparty/geos-3.8.1/install/include/geos/geomgraph/Edge.h
  -- Up-to-date: F:/code/3rdparty/geos-3.8.1/install/include/geos/geomgraph/EdgeEnd.h
  -- Up-to-date: F:/code/3rdparty/geos-3.8.1/install/include/geos/geomgraph/EdgeEndStar.h
  -- Up-to-date: F:/code/3rdparty/geos-3.8.1/install/include/geos/geomgraph/EdgeIntersection.h
  -- Up-to-date: F:/code/3rdparty/geos-3.8.1/install/include/geos/geomgraph/EdgeIntersectionList.h
  -- Up-to-date: F:/code/3rdparty/geos-3.8.1/install/include/geos/geomgraph/EdgeList.h
  -- Up-to-date: F:/code/3rdparty/geos-3.8.1/install/include/geos/geomgraph/EdgeNodingValidator.h
  -- Up-to-date: F:/code/3rdparty/geos-3.8.1/install/include/geos/geomgraph/EdgeRing.h
  -- Up-to-date: F:/code/3rdparty/geos-3.8.1/install/include/geos/geomgraph/GeometryGraph.h
  -- Up-to-date: F:/code/3rdparty/geos-3.8.1/install/include/geos/geomgraph/GraphComponent.h
  -- Up-to-date: F:/code/3rdparty/geos-3.8.1/install/include/geos/geomgraph/index
  -- Up-to-date: F:/code/3rdparty/geos-3.8.1/install/include/geos/geomgraph/index/EdgeSetIntersector.h
  -- Up-to-date: F:/code/3rdparty/geos-3.8.1/install/include/geos/geomgraph/index/MonotoneChain.h
  -- Up-to-date: F:/code/3rdparty/geos-3.8.1/install/include/geos/geomgraph/index/MonotoneChainEdge.h
  -- Up-to-date: F:/code/3rdparty/geos-3.8.1/install/include/geos/geomgraph/index/MonotoneChainIndexer.h
  -- Up-to-date: F:/code/3rdparty/geos-3.8.1/install/include/geos/geomgraph/index/SegmentIntersector.h
  -- Up-to-date: F:/code/3rdparty/geos-3.8.1/install/include/geos/geomgraph/index/SimpleEdgeSetIntersector.h
  -- Up-to-date: F:/code/3rdparty/geos-3.8.1/install/include/geos/geomgraph/index/SimpleMCSweepLineIntersector.h
  -- Up-to-date: F:/code/3rdparty/geos-3.8.1/install/include/geos/geomgraph/index/SimpleSweepLineIntersector.h
  -- Up-to-date: F:/code/3rdparty/geos-3.8.1/install/include/geos/geomgraph/index/SweepLineEvent.h
  -- Up-to-date: F:/code/3rdparty/geos-3.8.1/install/include/geos/geomgraph/index/SweepLineEventObj.h
  -- Up-to-date: F:/code/3rdparty/geos-3.8.1/install/include/geos/geomgraph/index/SweepLineSegment.h
  -- Up-to-date: F:/code/3rdparty/geos-3.8.1/install/include/geos/geomgraph/Label.h
  -- Up-to-date: F:/code/3rdparty/geos-3.8.1/install/include/geos/geomgraph/Node.h
  -- Up-to-date: F:/code/3rdparty/geos-3.8.1/install/include/geos/geomgraph/NodeFactory.h
  -- Up-to-date: F:/code/3rdparty/geos-3.8.1/install/include/geos/geomgraph/NodeMap.h
  -- Up-to-date: F:/code/3rdparty/geos-3.8.1/install/include/geos/geomgraph/PlanarGraph.h
  -- Up-to-date: F:/code/3rdparty/geos-3.8.1/install/include/geos/geomgraph/Position.h
  -- Up-to-date: F:/code/3rdparty/geos-3.8.1/install/include/geos/geomgraph/Quadrant.h
  -- Up-to-date: F:/code/3rdparty/geos-3.8.1/install/include/geos/geomgraph/TopologyLocation.h
  -- Up-to-date: F:/code/3rdparty/geos-3.8.1/install/include/geos/geomgraph.h
  -- Up-to-date: F:/code/3rdparty/geos-3.8.1/install/include/geos/geomgraphindex.h
  -- Up-to-date: F:/code/3rdparty/geos-3.8.1/install/include/geos/geomUtil.h
  -- Up-to-date: F:/code/3rdparty/geos-3.8.1/install/include/geos/geosAlgorithm.h
  -- Up-to-date: F:/code/3rdparty/geos-3.8.1/install/include/geos/index
  -- Up-to-date: F:/code/3rdparty/geos-3.8.1/install/include/geos/index/bintree
  -- Up-to-date: F:/code/3rdparty/geos-3.8.1/install/include/geos/index/bintree/Bintree.h
  -- Up-to-date: F:/code/3rdparty/geos-3.8.1/install/include/geos/index/bintree/Interval.h
  -- Up-to-date: F:/code/3rdparty/geos-3.8.1/install/include/geos/index/bintree/Key.h
  -- Up-to-date: F:/code/3rdparty/geos-3.8.1/install/include/geos/index/bintree/Node.h
  -- Up-to-date: F:/code/3rdparty/geos-3.8.1/install/include/geos/index/bintree/NodeBase.h
  -- Up-to-date: F:/code/3rdparty/geos-3.8.1/install/include/geos/index/bintree/Root.h
  -- Up-to-date: F:/code/3rdparty/geos-3.8.1/install/include/geos/index/chain
  -- Up-to-date: F:/code/3rdparty/geos-3.8.1/install/include/geos/index/chain/MonotoneChain.h
  -- Up-to-date: F:/code/3rdparty/geos-3.8.1/install/include/geos/index/chain/MonotoneChainBuilder.h
  -- Up-to-date: F:/code/3rdparty/geos-3.8.1/install/include/geos/index/chain/MonotoneChainOverlapAction.h
  -- Up-to-date: F:/code/3rdparty/geos-3.8.1/install/include/geos/index/chain/MonotoneChainSelectAction.h
  -- Up-to-date: F:/code/3rdparty/geos-3.8.1/install/include/geos/index/intervalrtree
  -- Up-to-date: F:/code/3rdparty/geos-3.8.1/install/include/geos/index/intervalrtree/IntervalRTreeBranchNode.h
  -- Up-to-date: F:/code/3rdparty/geos-3.8.1/install/include/geos/index/intervalrtree/IntervalRTreeLeafNode.h
  -- Up-to-date: F:/code/3rdparty/geos-3.8.1/install/include/geos/index/intervalrtree/IntervalRTreeNode.h
  -- Up-to-date: F:/code/3rdparty/geos-3.8.1/install/include/geos/index/intervalrtree/SortedPackedIntervalRTree.h
  -- Up-to-date: F:/code/3rdparty/geos-3.8.1/install/include/geos/index/ItemVisitor.h
  -- Up-to-date: F:/code/3rdparty/geos-3.8.1/install/include/geos/index/quadtree
  -- Up-to-date: F:/code/3rdparty/geos-3.8.1/install/include/geos/index/quadtree/DoubleBits.h
  -- Up-to-date: F:/code/3rdparty/geos-3.8.1/install/include/geos/index/quadtree/IntervalSize.h
  -- Up-to-date: F:/code/3rdparty/geos-3.8.1/install/include/geos/index/quadtree/Key.h
  -- Up-to-date: F:/code/3rdparty/geos-3.8.1/install/include/geos/index/quadtree/Node.h
  -- Up-to-date: F:/code/3rdparty/geos-3.8.1/install/include/geos/index/quadtree/NodeBase.h
  -- Up-to-date: F:/code/3rdparty/geos-3.8.1/install/include/geos/index/quadtree/Quadtree.h
  -- Up-to-date: F:/code/3rdparty/geos-3.8.1/install/include/geos/index/quadtree/Root.h
  -- Up-to-date: F:/code/3rdparty/geos-3.8.1/install/include/geos/index/SpatialIndex.h
  -- Up-to-date: F:/code/3rdparty/geos-3.8.1/install/include/geos/index/strtree
  -- Up-to-date: F:/code/3rdparty/geos-3.8.1/install/include/geos/index/strtree/AbstractNode.h
  -- Up-to-date: F:/code/3rdparty/geos-3.8.1/install/include/geos/index/strtree/AbstractSTRtree.h
  -- Up-to-date: F:/code/3rdparty/geos-3.8.1/install/include/geos/index/strtree/Boundable.h
  -- Up-to-date: F:/code/3rdparty/geos-3.8.1/install/include/geos/index/strtree/BoundablePair.h
  -- Up-to-date: F:/code/3rdparty/geos-3.8.1/install/include/geos/index/strtree/EnvelopeUtil.h
  -- Up-to-date: F:/code/3rdparty/geos-3.8.1/install/include/geos/index/strtree/GeometryItemDistance.h
  -- Up-to-date: F:/code/3rdparty/geos-3.8.1/install/include/geos/index/strtree/Interval.h
  -- Up-to-date: F:/code/3rdparty/geos-3.8.1/install/include/geos/index/strtree/ItemBoundable.h
  -- Up-to-date: F:/code/3rdparty/geos-3.8.1/install/include/geos/index/strtree/ItemDistance.h
  -- Up-to-date: F:/code/3rdparty/geos-3.8.1/install/include/geos/index/strtree/SIRtree.h
  -- Up-to-date: F:/code/3rdparty/geos-3.8.1/install/include/geos/index/strtree/STRtree.h
  -- Up-to-date: F:/code/3rdparty/geos-3.8.1/install/include/geos/index/sweepline
  -- Up-to-date: F:/code/3rdparty/geos-3.8.1/install/include/geos/index/sweepline/SweepLineEvent.h
  -- Up-to-date: F:/code/3rdparty/geos-3.8.1/install/include/geos/index/sweepline/SweepLineIndex.h
  -- Up-to-date: F:/code/3rdparty/geos-3.8.1/install/include/geos/index/sweepline/SweepLineInterval.h
  -- Up-to-date: F:/code/3rdparty/geos-3.8.1/install/include/geos/index/sweepline/SweepLineOverlapAction.h
  -- Up-to-date: F:/code/3rdparty/geos-3.8.1/install/include/geos/indexBintree.h
  -- Up-to-date: F:/code/3rdparty/geos-3.8.1/install/include/geos/indexChain.h
  -- Up-to-date: F:/code/3rdparty/geos-3.8.1/install/include/geos/indexQuadtree.h
  -- Up-to-date: F:/code/3rdparty/geos-3.8.1/install/include/geos/indexStrtree.h
  -- Up-to-date: F:/code/3rdparty/geos-3.8.1/install/include/geos/indexSweepline.h
  -- Up-to-date: F:/code/3rdparty/geos-3.8.1/install/include/geos/inline.h
  -- Up-to-date: F:/code/3rdparty/geos-3.8.1/install/include/geos/io
  -- Up-to-date: F:/code/3rdparty/geos-3.8.1/install/include/geos/io/ByteOrderDataInStream.h
  -- Up-to-date: F:/code/3rdparty/geos-3.8.1/install/include/geos/io/ByteOrderValues.h
  -- Up-to-date: F:/code/3rdparty/geos-3.8.1/install/include/geos/io/CLocalizer.h
  -- Up-to-date: F:/code/3rdparty/geos-3.8.1/install/include/geos/io/ParseException.h
  -- Up-to-date: F:/code/3rdparty/geos-3.8.1/install/include/geos/io/StringTokenizer.h
  -- Up-to-date: F:/code/3rdparty/geos-3.8.1/install/include/geos/io/WKBConstants.h
  -- Up-to-date: F:/code/3rdparty/geos-3.8.1/install/include/geos/io/WKBReader.h
  -- Up-to-date: F:/code/3rdparty/geos-3.8.1/install/include/geos/io/WKBWriter.h
  -- Up-to-date: F:/code/3rdparty/geos-3.8.1/install/include/geos/io/WKTReader.h
  -- Up-to-date: F:/code/3rdparty/geos-3.8.1/install/include/geos/io/WKTWriter.h
  -- Up-to-date: F:/code/3rdparty/geos-3.8.1/install/include/geos/io/Writer.h
  -- Up-to-date: F:/code/3rdparty/geos-3.8.1/install/include/geos/io.h
  -- Up-to-date: F:/code/3rdparty/geos-3.8.1/install/include/geos/linearref
  -- Up-to-date: F:/code/3rdparty/geos-3.8.1/install/include/geos/linearref/ExtractLineByLocation.h
  -- Up-to-date: F:/code/3rdparty/geos-3.8.1/install/include/geos/linearref/LengthIndexedLine.h
  -- Up-to-date: F:/code/3rdparty/geos-3.8.1/install/include/geos/linearref/LengthIndexOfPoint.h
  -- Up-to-date: F:/code/3rdparty/geos-3.8.1/install/include/geos/linearref/LengthLocationMap.h
  -- Up-to-date: F:/code/3rdparty/geos-3.8.1/install/include/geos/linearref/LinearGeometryBuilder.h
  -- Up-to-date: F:/code/3rdparty/geos-3.8.1/install/include/geos/linearref/LinearIterator.h
  -- Up-to-date: F:/code/3rdparty/geos-3.8.1/install/include/geos/linearref/LinearLocation.h
  -- Up-to-date: F:/code/3rdparty/geos-3.8.1/install/include/geos/linearref/LocationIndexedLine.h
  -- Up-to-date: F:/code/3rdparty/geos-3.8.1/install/include/geos/linearref/LocationIndexOfLine.h
  -- Up-to-date: F:/code/3rdparty/geos-3.8.1/install/include/geos/linearref/LocationIndexOfPoint.h
  -- Up-to-date: F:/code/3rdparty/geos-3.8.1/install/include/geos/noding
  -- Up-to-date: F:/code/3rdparty/geos-3.8.1/install/include/geos/noding/BasicSegmentString.h
  -- Up-to-date: F:/code/3rdparty/geos-3.8.1/install/include/geos/noding/FastNodingValidator.h
  -- Up-to-date: F:/code/3rdparty/geos-3.8.1/install/include/geos/noding/FastSegmentSetIntersectionFinder.h
  -- Up-to-date: F:/code/3rdparty/geos-3.8.1/install/include/geos/noding/GeometryNoder.h
  -- Up-to-date: F:/code/3rdparty/geos-3.8.1/install/include/geos/noding/IntersectionAdder.h
  -- Up-to-date: F:/code/3rdparty/geos-3.8.1/install/include/geos/noding/IntersectionFinderAdder.h
  -- Up-to-date: F:/code/3rdparty/geos-3.8.1/install/include/geos/noding/IteratedNoder.h
  -- Up-to-date: F:/code/3rdparty/geos-3.8.1/install/include/geos/noding/MCIndexNoder.h
  -- Up-to-date: F:/code/3rdparty/geos-3.8.1/install/include/geos/noding/MCIndexSegmentSetMutualIntersector.h
  -- Up-to-date: F:/code/3rdparty/geos-3.8.1/install/include/geos/noding/NodableSegmentString.h
  -- Up-to-date: F:/code/3rdparty/geos-3.8.1/install/include/geos/noding/NodedSegmentString.h
  -- Up-to-date: F:/code/3rdparty/geos-3.8.1/install/include/geos/noding/Noder.h
  -- Up-to-date: F:/code/3rdparty/geos-3.8.1/install/include/geos/noding/NodingIntersectionFinder.h
  -- Up-to-date: F:/code/3rdparty/geos-3.8.1/install/include/geos/noding/NodingValidator.h
  -- Up-to-date: F:/code/3rdparty/geos-3.8.1/install/include/geos/noding/Octant.h
  -- Up-to-date: F:/code/3rdparty/geos-3.8.1/install/include/geos/noding/OrientedCoordinateArray.h
  -- Up-to-date: F:/code/3rdparty/geos-3.8.1/install/include/geos/noding/ScaledNoder.h
  -- Up-to-date: F:/code/3rdparty/geos-3.8.1/install/include/geos/noding/SegmentIntersectionDetector.h
  -- Up-to-date: F:/code/3rdparty/geos-3.8.1/install/include/geos/noding/SegmentIntersector.h
  -- Up-to-date: F:/code/3rdparty/geos-3.8.1/install/include/geos/noding/SegmentNode.h
  -- Up-to-date: F:/code/3rdparty/geos-3.8.1/install/include/geos/noding/SegmentNodeList.h
  -- Up-to-date: F:/code/3rdparty/geos-3.8.1/install/include/geos/noding/SegmentPointComparator.h
  -- Up-to-date: F:/code/3rdparty/geos-3.8.1/install/include/geos/noding/SegmentSetMutualIntersector.h
  -- Up-to-date: F:/code/3rdparty/geos-3.8.1/install/include/geos/noding/SegmentString.h
  -- Up-to-date: F:/code/3rdparty/geos-3.8.1/install/include/geos/noding/SegmentStringUtil.h
  -- Up-to-date: F:/code/3rdparty/geos-3.8.1/install/include/geos/noding/SimpleNoder.h
  -- Up-to-date: F:/code/3rdparty/geos-3.8.1/install/include/geos/noding/SinglePassNoder.h
  -- Up-to-date: F:/code/3rdparty/geos-3.8.1/install/include/geos/noding/snapround
  -- Up-to-date: F:/code/3rdparty/geos-3.8.1/install/include/geos/noding/snapround/HotPixel.h
  -- Up-to-date: F:/code/3rdparty/geos-3.8.1/install/include/geos/noding/snapround/MCIndexPointSnapper.h
  -- Up-to-date: F:/code/3rdparty/geos-3.8.1/install/include/geos/noding/snapround/MCIndexSnapRounder.h
  -- Up-to-date: F:/code/3rdparty/geos-3.8.1/install/include/geos/noding/snapround/SimpleSnapRounder.h
  -- Up-to-date: F:/code/3rdparty/geos-3.8.1/install/include/geos/noding.h
  -- Up-to-date: F:/code/3rdparty/geos-3.8.1/install/include/geos/nodingSnapround.h
  -- Up-to-date: F:/code/3rdparty/geos-3.8.1/install/include/geos/opBuffer.h
  -- Up-to-date: F:/code/3rdparty/geos-3.8.1/install/include/geos/opDistance.h
  -- Up-to-date: F:/code/3rdparty/geos-3.8.1/install/include/geos/operation
  -- Up-to-date: F:/code/3rdparty/geos-3.8.1/install/include/geos/operation/buffer
  -- Up-to-date: F:/code/3rdparty/geos-3.8.1/install/include/geos/operation/buffer/BufferBuilder.h
  -- Up-to-date: F:/code/3rdparty/geos-3.8.1/install/include/geos/operation/buffer/BufferInputLineSimplifier.h
  -- Up-to-date: F:/code/3rdparty/geos-3.8.1/install/include/geos/operation/buffer/BufferOp.h
  -- Up-to-date: F:/code/3rdparty/geos-3.8.1/install/include/geos/operation/buffer/BufferParameters.h
  -- Up-to-date: F:/code/3rdparty/geos-3.8.1/install/include/geos/operation/buffer/BufferSubgraph.h
  -- Up-to-date: F:/code/3rdparty/geos-3.8.1/install/include/geos/operation/buffer/OffsetCurveBuilder.h
  -- Up-to-date: F:/code/3rdparty/geos-3.8.1/install/include/geos/operation/buffer/OffsetCurveSetBuilder.h
  -- Up-to-date: F:/code/3rdparty/geos-3.8.1/install/include/geos/operation/buffer/OffsetSegmentGenerator.h
  -- Up-to-date: F:/code/3rdparty/geos-3.8.1/install/include/geos/operation/buffer/OffsetSegmentString.h
  -- Up-to-date: F:/code/3rdparty/geos-3.8.1/install/include/geos/operation/buffer/RightmostEdgeFinder.h
  -- Up-to-date: F:/code/3rdparty/geos-3.8.1/install/include/geos/operation/buffer/SubgraphDepthLocater.h
  -- Up-to-date: F:/code/3rdparty/geos-3.8.1/install/include/geos/operation/distance
  -- Up-to-date: F:/code/3rdparty/geos-3.8.1/install/include/geos/operation/distance/ConnectedElementLocationFilter.h
  -- Up-to-date: F:/code/3rdparty/geos-3.8.1/install/include/geos/operation/distance/ConnectedElementPointFilter.h
  -- Up-to-date: F:/code/3rdparty/geos-3.8.1/install/include/geos/operation/distance/DistanceOp.h
  -- Up-to-date: F:/code/3rdparty/geos-3.8.1/install/include/geos/operation/distance/FacetSequence.h
  -- Up-to-date: F:/code/3rdparty/geos-3.8.1/install/include/geos/operation/distance/FacetSequenceTreeBuilder.h
  -- Up-to-date: F:/code/3rdparty/geos-3.8.1/install/include/geos/operation/distance/GeometryLocation.h
  -- Up-to-date: F:/code/3rdparty/geos-3.8.1/install/include/geos/operation/distance/IndexedFacetDistance.h
  -- Up-to-date: F:/code/3rdparty/geos-3.8.1/install/include/geos/operation/GeometryGraphOperation.h
  -- Up-to-date: F:/code/3rdparty/geos-3.8.1/install/include/geos/operation/intersection
  -- Up-to-date: F:/code/3rdparty/geos-3.8.1/install/include/geos/operation/intersection/Rectangle.h
  -- Up-to-date: F:/code/3rdparty/geos-3.8.1/install/include/geos/operation/intersection/RectangleIntersection.h
  -- Up-to-date: F:/code/3rdparty/geos-3.8.1/install/include/geos/operation/intersection/RectangleIntersectionBuilder.h
  -- Up-to-date: F:/code/3rdparty/geos-3.8.1/install/include/geos/operation/IsSimpleOp.h
  -- Up-to-date: F:/code/3rdparty/geos-3.8.1/install/include/geos/operation/linemerge
  -- Up-to-date: F:/code/3rdparty/geos-3.8.1/install/include/geos/operation/linemerge/EdgeString.h
  -- Up-to-date: F:/code/3rdparty/geos-3.8.1/install/include/geos/operation/linemerge/LineMergeDirectedEdge.h
  -- Up-to-date: F:/code/3rdparty/geos-3.8.1/install/include/geos/operation/linemerge/LineMergeEdge.h
  -- Up-to-date: F:/code/3rdparty/geos-3.8.1/install/include/geos/operation/linemerge/LineMergeGraph.h
  -- Up-to-date: F:/code/3rdparty/geos-3.8.1/install/include/geos/operation/linemerge/LineMerger.h
  -- Up-to-date: F:/code/3rdparty/geos-3.8.1/install/include/geos/operation/linemerge/LineSequencer.h
  -- Up-to-date: F:/code/3rdparty/geos-3.8.1/install/include/geos/operation/overlay
  -- Up-to-date: F:/code/3rdparty/geos-3.8.1/install/include/geos/operation/overlay/EdgeSetNoder.h
  -- Up-to-date: F:/code/3rdparty/geos-3.8.1/install/include/geos/operation/overlay/ElevationMatrix.h
  -- Up-to-date: F:/code/3rdparty/geos-3.8.1/install/include/geos/operation/overlay/ElevationMatrixCell.h
  -- Up-to-date: F:/code/3rdparty/geos-3.8.1/install/include/geos/operation/overlay/LineBuilder.h
  -- Up-to-date: F:/code/3rdparty/geos-3.8.1/install/include/geos/operation/overlay/MaximalEdgeRing.h
  -- Up-to-date: F:/code/3rdparty/geos-3.8.1/install/include/geos/operation/overlay/MinimalEdgeRing.h
  -- Up-to-date: F:/code/3rdparty/geos-3.8.1/install/include/geos/operation/overlay/OverlayNodeFactory.h
  -- Up-to-date: F:/code/3rdparty/geos-3.8.1/install/include/geos/operation/overlay/OverlayOp.h
  -- Up-to-date: F:/code/3rdparty/geos-3.8.1/install/include/geos/operation/overlay/PointBuilder.h
  -- Up-to-date: F:/code/3rdparty/geos-3.8.1/install/include/geos/operation/overlay/PolygonBuilder.h
  -- Up-to-date: F:/code/3rdparty/geos-3.8.1/install/include/geos/operation/overlay/snap
  -- Up-to-date: F:/code/3rdparty/geos-3.8.1/install/include/geos/operation/overlay/snap/GeometrySnapper.h
  -- Up-to-date: F:/code/3rdparty/geos-3.8.1/install/include/geos/operation/overlay/snap/LineStringSnapper.h
  -- Up-to-date: F:/code/3rdparty/geos-3.8.1/install/include/geos/operation/overlay/snap/SnapIfNeededOverlayOp.h
  -- Up-to-date: F:/code/3rdparty/geos-3.8.1/install/include/geos/operation/overlay/snap/SnapOverlayOp.h
  -- Up-to-date: F:/code/3rdparty/geos-3.8.1/install/include/geos/operation/overlay/validate
  -- Up-to-date: F:/code/3rdparty/geos-3.8.1/install/include/geos/operation/overlay/validate/FuzzyPointLocator.h
  -- Up-to-date: F:/code/3rdparty/geos-3.8.1/install/include/geos/operation/overlay/validate/OffsetPointGenerator.h
  -- Up-to-date: F:/code/3rdparty/geos-3.8.1/install/include/geos/operation/overlay/validate/OverlayResultValidator.h
  -- Up-to-date: F:/code/3rdparty/geos-3.8.1/install/include/geos/operation/polygonize
  -- Up-to-date: F:/code/3rdparty/geos-3.8.1/install/include/geos/operation/polygonize/BuildArea.h
  -- Up-to-date: F:/code/3rdparty/geos-3.8.1/install/include/geos/operation/polygonize/EdgeRing.h
  -- Up-to-date: F:/code/3rdparty/geos-3.8.1/install/include/geos/operation/polygonize/HoleAssigner.h
  -- Up-to-date: F:/code/3rdparty/geos-3.8.1/install/include/geos/operation/polygonize/PolygonizeDirectedEdge.h
  -- Up-to-date: F:/code/3rdparty/geos-3.8.1/install/include/geos/operation/polygonize/PolygonizeEdge.h
  -- Up-to-date: F:/code/3rdparty/geos-3.8.1/install/include/geos/operation/polygonize/PolygonizeGraph.h
  -- Up-to-date: F:/code/3rdparty/geos-3.8.1/install/include/geos/operation/polygonize/Polygonizer.h
  -- Up-to-date: F:/code/3rdparty/geos-3.8.1/install/include/geos/operation/predicate
  -- Up-to-date: F:/code/3rdparty/geos-3.8.1/install/include/geos/operation/predicate/RectangleContains.h
  -- Up-to-date: F:/code/3rdparty/geos-3.8.1/install/include/geos/operation/predicate/RectangleIntersects.h
  -- Up-to-date: F:/code/3rdparty/geos-3.8.1/install/include/geos/operation/predicate/SegmentIntersectionTester.h
  -- Up-to-date: F:/code/3rdparty/geos-3.8.1/install/include/geos/operation/relate
  -- Up-to-date: F:/code/3rdparty/geos-3.8.1/install/include/geos/operation/relate/EdgeEndBuilder.h
  -- Up-to-date: F:/code/3rdparty/geos-3.8.1/install/include/geos/operation/relate/EdgeEndBundle.h
  -- Up-to-date: F:/code/3rdparty/geos-3.8.1/install/include/geos/operation/relate/EdgeEndBundleStar.h
  -- Up-to-date: F:/code/3rdparty/geos-3.8.1/install/include/geos/operation/relate/RelateComputer.h
  -- Up-to-date: F:/code/3rdparty/geos-3.8.1/install/include/geos/operation/relate/RelateNode.h
  -- Up-to-date: F:/code/3rdparty/geos-3.8.1/install/include/geos/operation/relate/RelateNodeFactory.h
  -- Up-to-date: F:/code/3rdparty/geos-3.8.1/install/include/geos/operation/relate/RelateNodeGraph.h
  -- Up-to-date: F:/code/3rdparty/geos-3.8.1/install/include/geos/operation/relate/RelateOp.h
  -- Up-to-date: F:/code/3rdparty/geos-3.8.1/install/include/geos/operation/sharedpaths
  -- Up-to-date: F:/code/3rdparty/geos-3.8.1/install/include/geos/operation/sharedpaths/SharedPathsOp.h
  -- Up-to-date: F:/code/3rdparty/geos-3.8.1/install/include/geos/operation/union
  -- Up-to-date: F:/code/3rdparty/geos-3.8.1/install/include/geos/operation/union/CascadedPolygonUnion.h
  -- Up-to-date: F:/code/3rdparty/geos-3.8.1/install/include/geos/operation/union/CascadedUnion.h
  -- Up-to-date: F:/code/3rdparty/geos-3.8.1/install/include/geos/operation/union/CoverageUnion.h
  -- Up-to-date: F:/code/3rdparty/geos-3.8.1/install/include/geos/operation/union/GeometryListHolder.h
  -- Up-to-date: F:/code/3rdparty/geos-3.8.1/install/include/geos/operation/union/OverlapUnion.h
  -- Up-to-date: F:/code/3rdparty/geos-3.8.1/install/include/geos/operation/union/PointGeometryUnion.h
  -- Up-to-date: F:/code/3rdparty/geos-3.8.1/install/include/geos/operation/union/UnaryUnionOp.h
  -- Up-to-date: F:/code/3rdparty/geos-3.8.1/install/include/geos/operation/valid
  -- Up-to-date: F:/code/3rdparty/geos-3.8.1/install/include/geos/operation/valid/ConnectedInteriorTester.h
  -- Up-to-date: F:/code/3rdparty/geos-3.8.1/install/include/geos/operation/valid/ConsistentAreaTester.h
  -- Up-to-date: F:/code/3rdparty/geos-3.8.1/install/include/geos/operation/valid/IsValidOp.h
  -- Up-to-date: F:/code/3rdparty/geos-3.8.1/install/include/geos/operation/valid/MakeValid.h
  -- Up-to-date: F:/code/3rdparty/geos-3.8.1/install/include/geos/operation/valid/QuadtreeNestedRingTester.h
  -- Up-to-date: F:/code/3rdparty/geos-3.8.1/install/include/geos/operation/valid/RepeatedPointRemover.h
  -- Up-to-date: F:/code/3rdparty/geos-3.8.1/install/include/geos/operation/valid/RepeatedPointTester.h
  -- Up-to-date: F:/code/3rdparty/geos-3.8.1/install/include/geos/operation/valid/SimpleNestedRingTester.h
  -- Up-to-date: F:/code/3rdparty/geos-3.8.1/install/include/geos/operation/valid/SweeplineNestedRingTester.h
  -- Up-to-date: F:/code/3rdparty/geos-3.8.1/install/include/geos/operation/valid/TopologyValidationError.h
  -- Up-to-date: F:/code/3rdparty/geos-3.8.1/install/include/geos/operation.h
  -- Up-to-date: F:/code/3rdparty/geos-3.8.1/install/include/geos/opLinemerge.h
  -- Up-to-date: F:/code/3rdparty/geos-3.8.1/install/include/geos/opOverlay.h
  -- Up-to-date: F:/code/3rdparty/geos-3.8.1/install/include/geos/opPolygonize.h
  -- Up-to-date: F:/code/3rdparty/geos-3.8.1/install/include/geos/opPredicate.h
  -- Up-to-date: F:/code/3rdparty/geos-3.8.1/install/include/geos/opRelate.h
  -- Up-to-date: F:/code/3rdparty/geos-3.8.1/install/include/geos/opValid.h
  -- Up-to-date: F:/code/3rdparty/geos-3.8.1/install/include/geos/planargraph
  -- Up-to-date: F:/code/3rdparty/geos-3.8.1/install/include/geos/planargraph/algorithm
  -- Up-to-date: F:/code/3rdparty/geos-3.8.1/install/include/geos/planargraph/algorithm/ConnectedSubgraphFinder.h
  -- Up-to-date: F:/code/3rdparty/geos-3.8.1/install/include/geos/planargraph/DirectedEdge.h
  -- Up-to-date: F:/code/3rdparty/geos-3.8.1/install/include/geos/planargraph/DirectedEdgeStar.h
  -- Up-to-date: F:/code/3rdparty/geos-3.8.1/install/include/geos/planargraph/Edge.h
  -- Up-to-date: F:/code/3rdparty/geos-3.8.1/install/include/geos/planargraph/GraphComponent.h
  -- Up-to-date: F:/code/3rdparty/geos-3.8.1/install/include/geos/planargraph/Node.h
  -- Up-to-date: F:/code/3rdparty/geos-3.8.1/install/include/geos/planargraph/NodeMap.h
  -- Up-to-date: F:/code/3rdparty/geos-3.8.1/install/include/geos/planargraph/PlanarGraph.h
  -- Up-to-date: F:/code/3rdparty/geos-3.8.1/install/include/geos/planargraph/Subgraph.h
  -- Up-to-date: F:/code/3rdparty/geos-3.8.1/install/include/geos/planargraph.h
  -- Up-to-date: F:/code/3rdparty/geos-3.8.1/install/include/geos/precision
  -- Up-to-date: F:/code/3rdparty/geos-3.8.1/install/include/geos/precision/CommonBits.h
  -- Up-to-date: F:/code/3rdparty/geos-3.8.1/install/include/geos/precision/CommonBitsOp.h
  -- Up-to-date: F:/code/3rdparty/geos-3.8.1/install/include/geos/precision/CommonBitsRemover.h
  -- Up-to-date: F:/code/3rdparty/geos-3.8.1/install/include/geos/precision/EnhancedPrecisionOp.h
  -- Up-to-date: F:/code/3rdparty/geos-3.8.1/install/include/geos/precision/GeometryPrecisionReducer.h
  -- Up-to-date: F:/code/3rdparty/geos-3.8.1/install/include/geos/precision/MinimumClearance.h
  -- Up-to-date: F:/code/3rdparty/geos-3.8.1/install/include/geos/precision/PrecisionReducerCoordinateOperation.h
  -- Up-to-date: F:/code/3rdparty/geos-3.8.1/install/include/geos/precision/SimpleGeometryPrecisionReducer.h
  -- Up-to-date: F:/code/3rdparty/geos-3.8.1/install/include/geos/precision.h
  -- Up-to-date: F:/code/3rdparty/geos-3.8.1/install/include/geos/profiler.h
  -- Up-to-date: F:/code/3rdparty/geos-3.8.1/install/include/geos/simplify
  -- Up-to-date: F:/code/3rdparty/geos-3.8.1/install/include/geos/simplify/DouglasPeuckerLineSimplifier.h
  -- Up-to-date: F:/code/3rdparty/geos-3.8.1/install/include/geos/simplify/DouglasPeuckerSimplifier.h
  -- Up-to-date: F:/code/3rdparty/geos-3.8.1/install/include/geos/simplify/LineSegmentIndex.h
  -- Up-to-date: F:/code/3rdparty/geos-3.8.1/install/include/geos/simplify/TaggedLineSegment.h
  -- Up-to-date: F:/code/3rdparty/geos-3.8.1/install/include/geos/simplify/TaggedLinesSimplifier.h
  -- Up-to-date: F:/code/3rdparty/geos-3.8.1/install/include/geos/simplify/TaggedLineString.h
  -- Up-to-date: F:/code/3rdparty/geos-3.8.1/install/include/geos/simplify/TaggedLineStringSimplifier.h
  -- Up-to-date: F:/code/3rdparty/geos-3.8.1/install/include/geos/simplify/TopologyPreservingSimplifier.h
  -- Up-to-date: F:/code/3rdparty/geos-3.8.1/install/include/geos/spatialIndex.h
  -- Up-to-date: F:/code/3rdparty/geos-3.8.1/install/include/geos/triangulate
  -- Up-to-date: F:/code/3rdparty/geos-3.8.1/install/include/geos/triangulate/DelaunayTriangulationBuilder.h
  -- Up-to-date: F:/code/3rdparty/geos-3.8.1/install/include/geos/triangulate/IncrementalDelaunayTriangulator.h
  -- Up-to-date: F:/code/3rdparty/geos-3.8.1/install/include/geos/triangulate/quadedge
  -- Up-to-date: F:/code/3rdparty/geos-3.8.1/install/include/geos/triangulate/quadedge/LastFoundQuadEdgeLocator.h
  -- Up-to-date: F:/code/3rdparty/geos-3.8.1/install/include/geos/triangulate/quadedge/LocateFailureException.h
  -- Up-to-date: F:/code/3rdparty/geos-3.8.1/install/include/geos/triangulate/quadedge/QuadEdge.h
  -- Up-to-date: F:/code/3rdparty/geos-3.8.1/install/include/geos/triangulate/quadedge/QuadEdgeLocator.h
  -- Up-to-date: F:/code/3rdparty/geos-3.8.1/install/include/geos/triangulate/quadedge/QuadEdgeSubdivision.h
  -- Up-to-date: F:/code/3rdparty/geos-3.8.1/install/include/geos/triangulate/quadedge/TrianglePredicate.h
  -- Up-to-date: F:/code/3rdparty/geos-3.8.1/install/include/geos/triangulate/quadedge/TriangleVisitor.h
  -- Up-to-date: F:/code/3rdparty/geos-3.8.1/install/include/geos/triangulate/quadedge/Vertex.h
  -- Up-to-date: F:/code/3rdparty/geos-3.8.1/install/include/geos/triangulate/VoronoiDiagramBuilder.h
  -- Up-to-date: F:/code/3rdparty/geos-3.8.1/install/include/geos/unload.h
  -- Up-to-date: F:/code/3rdparty/geos-3.8.1/install/include/geos/util
  -- Up-to-date: F:/code/3rdparty/geos-3.8.1/install/include/geos/util/Assert.h
  -- Up-to-date: F:/code/3rdparty/geos-3.8.1/install/include/geos/util/AssertionFailedException.h
  -- Up-to-date: F:/code/3rdparty/geos-3.8.1/install/include/geos/util/CoordinateArrayFilter.h
  -- Up-to-date: F:/code/3rdparty/geos-3.8.1/install/include/geos/util/GeometricShapeFactory.h
  -- Up-to-date: F:/code/3rdparty/geos-3.8.1/install/include/geos/util/GEOSException.h
  -- Up-to-date: F:/code/3rdparty/geos-3.8.1/install/include/geos/util/IllegalArgumentException.h
  -- Up-to-date: F:/code/3rdparty/geos-3.8.1/install/include/geos/util/IllegalStateException.h
  -- Up-to-date: F:/code/3rdparty/geos-3.8.1/install/include/geos/util/Interrupt.h
  -- Up-to-date: F:/code/3rdparty/geos-3.8.1/install/include/geos/util/Machine.h
  -- Up-to-date: F:/code/3rdparty/geos-3.8.1/install/include/geos/util/math.h
  -- Up-to-date: F:/code/3rdparty/geos-3.8.1/install/include/geos/util/TopologyException.h
  -- Up-to-date: F:/code/3rdparty/geos-3.8.1/install/include/geos/util/UniqueCoordinateArrayFilter.h
  -- Up-to-date: F:/code/3rdparty/geos-3.8.1/install/include/geos/util/UnsupportedOperationException.h
  -- Up-to-date: F:/code/3rdparty/geos-3.8.1/install/include/geos/util.h
  -- Up-to-date: F:/code/3rdparty/geos-3.8.1/install/include/geos
  -- Up-to-date: F:/code/3rdparty/geos-3.8.1/install/include/geos/version.h
  -- Up-to-date: F:/code/3rdparty/geos-3.8.1/install/include/geos
  -- Up-to-date: F:/code/3rdparty/geos-3.8.1/install/include/geos/algorithm
  -- Up-to-date: F:/code/3rdparty/geos-3.8.1/install/include/geos/algorithm/ConvexHull.inl
  -- Up-to-date: F:/code/3rdparty/geos-3.8.1/install/include/geos/algorithm/distance
  -- Up-to-date: F:/code/3rdparty/geos-3.8.1/install/include/geos/algorithm/locate
  -- Up-to-date: F:/code/3rdparty/geos-3.8.1/install/include/geos/algorithm/ttmath
  -- Up-to-date: F:/code/3rdparty/geos-3.8.1/install/include/geos/geom
  -- Up-to-date: F:/code/3rdparty/geos-3.8.1/install/include/geos/geom/Coordinate.inl
  -- Up-to-date: F:/code/3rdparty/geos-3.8.1/install/include/geos/geom/CoordinateArraySequenceFactory.inl
  -- Up-to-date: F:/code/3rdparty/geos-3.8.1/install/include/geos/geom/Envelope.inl
  -- Up-to-date: F:/code/3rdparty/geos-3.8.1/install/include/geos/geom/GeometryCollection.inl
  -- Up-to-date: F:/code/3rdparty/geos-3.8.1/install/include/geos/geom/GeometryFactory.inl
  -- Up-to-date: F:/code/3rdparty/geos-3.8.1/install/include/geos/geom/LineSegment.inl
  -- Up-to-date: F:/code/3rdparty/geos-3.8.1/install/include/geos/geom/MultiLineString.inl
  -- Up-to-date: F:/code/3rdparty/geos-3.8.1/install/include/geos/geom/MultiPolygon.inl
  -- Up-to-date: F:/code/3rdparty/geos-3.8.1/install/include/geos/geom/PrecisionModel.inl
  -- Up-to-date: F:/code/3rdparty/geos-3.8.1/install/include/geos/geom/prep
  -- Up-to-date: F:/code/3rdparty/geos-3.8.1/install/include/geos/geom/util
  -- Up-to-date: F:/code/3rdparty/geos-3.8.1/install/include/geos/geomgraph
  -- Up-to-date: F:/code/3rdparty/geos-3.8.1/install/include/geos/geomgraph/Depth.inl
  -- Up-to-date: F:/code/3rdparty/geos-3.8.1/install/include/geos/geomgraph/DirectedEdge.inl
  -- Up-to-date: F:/code/3rdparty/geos-3.8.1/install/include/geos/geomgraph/GeometryGraph.inl
  -- Up-to-date: F:/code/3rdparty/geos-3.8.1/install/include/geos/geomgraph/index
  -- Up-to-date: F:/code/3rdparty/geos-3.8.1/install/include/geos/geomgraph/index/SegmentIntersector.inl
  -- Up-to-date: F:/code/3rdparty/geos-3.8.1/install/include/geos/geomgraph/Label.inl
  -- Up-to-date: F:/code/3rdparty/geos-3.8.1/install/include/geos/geomgraph/Quadrant.inl
  -- Up-to-date: F:/code/3rdparty/geos-3.8.1/install/include/geos/geomgraph/TopologyLocation.inl
  -- Up-to-date: F:/code/3rdparty/geos-3.8.1/install/include/geos/index
  -- Up-to-date: F:/code/3rdparty/geos-3.8.1/install/include/geos/index/bintree
  -- Up-to-date: F:/code/3rdparty/geos-3.8.1/install/include/geos/index/chain
  -- Up-to-date: F:/code/3rdparty/geos-3.8.1/install/include/geos/index/intervalrtree
  -- Up-to-date: F:/code/3rdparty/geos-3.8.1/install/include/geos/index/quadtree
  -- Up-to-date: F:/code/3rdparty/geos-3.8.1/install/include/geos/index/strtree
  -- Up-to-date: F:/code/3rdparty/geos-3.8.1/install/include/geos/index/sweepline
  -- Up-to-date: F:/code/3rdparty/geos-3.8.1/install/include/geos/io
  -- Up-to-date: F:/code/3rdparty/geos-3.8.1/install/include/geos/io/ByteOrderDataInStream.inl
  -- Up-to-date: F:/code/3rdparty/geos-3.8.1/install/include/geos/io/WKTReader.inl
  -- Up-to-date: F:/code/3rdparty/geos-3.8.1/install/include/geos/linearref
  -- Up-to-date: F:/code/3rdparty/geos-3.8.1/install/include/geos/noding
  -- Up-to-date: F:/code/3rdparty/geos-3.8.1/install/include/geos/noding/BasicSegmentString.inl
  -- Up-to-date: F:/code/3rdparty/geos-3.8.1/install/include/geos/noding/MCIndexNoder.inl
  -- Up-to-date: F:/code/3rdparty/geos-3.8.1/install/include/geos/noding/snapround
  -- Up-to-date: F:/code/3rdparty/geos-3.8.1/install/include/geos/noding/snapround/HotPixel.inl
  -- Up-to-date: F:/code/3rdparty/geos-3.8.1/install/include/geos/operation
  -- Up-to-date: F:/code/3rdparty/geos-3.8.1/install/include/geos/operation/buffer
  -- Up-to-date: F:/code/3rdparty/geos-3.8.1/install/include/geos/operation/distance
  -- Up-to-date: F:/code/3rdparty/geos-3.8.1/install/include/geos/operation/intersection
  -- Up-to-date: F:/code/3rdparty/geos-3.8.1/install/include/geos/operation/linemerge
  -- Up-to-date: F:/code/3rdparty/geos-3.8.1/install/include/geos/operation/overlay
  -- Up-to-date: F:/code/3rdparty/geos-3.8.1/install/include/geos/operation/overlay/MinimalEdgeRing.inl
  -- Up-to-date: F:/code/3rdparty/geos-3.8.1/install/include/geos/operation/overlay/snap
  -- Up-to-date: F:/code/3rdparty/geos-3.8.1/install/include/geos/operation/overlay/validate
  -- Up-to-date: F:/code/3rdparty/geos-3.8.1/install/include/geos/operation/polygonize
  -- Up-to-date: F:/code/3rdparty/geos-3.8.1/install/include/geos/operation/predicate
  -- Up-to-date: F:/code/3rdparty/geos-3.8.1/install/include/geos/operation/relate
  -- Up-to-date: F:/code/3rdparty/geos-3.8.1/install/include/geos/operation/sharedpaths
  -- Up-to-date: F:/code/3rdparty/geos-3.8.1/install/include/geos/operation/union
  -- Up-to-date: F:/code/3rdparty/geos-3.8.1/install/include/geos/operation/valid
  -- Up-to-date: F:/code/3rdparty/geos-3.8.1/install/include/geos/planargraph
  -- Up-to-date: F:/code/3rdparty/geos-3.8.1/install/include/geos/planargraph/algorithm
  -- Up-to-date: F:/code/3rdparty/geos-3.8.1/install/include/geos/precision
  -- Up-to-date: F:/code/3rdparty/geos-3.8.1/install/include/geos/simplify
  -- Up-to-date: F:/code/3rdparty/geos-3.8.1/install/include/geos/triangulate
  -- Up-to-date: F:/code/3rdparty/geos-3.8.1/install/include/geos/triangulate/quadedge
  -- Up-to-date: F:/code/3rdparty/geos-3.8.1/install/include/geos/util
  -- Up-to-date: F:/code/3rdparty/geos-3.8.1/install/include/geos
  -- Up-to-date: F:/code/3rdparty/geos-3.8.1/install/include/geos_c.h
  -- Up-to-date: F:/code/3rdparty/geos-3.8.1/install/bin/geos-config
