  Building Custom Rule F:/code/3rdparty/freetype-2.10.0/freetype-2.10.0/CMakeLists.txt
  autofit.c
F:\code\3rdparty\freetype-2.10.0\freetype-2.10.0\src\autofit\afscript.h(1,1): warning C4819: 该文件包含不能在当前代码页(936)中表示的字符。请将该文件保存为 Unicode 格式以防止数据丢失
F:\code\3rdparty\freetype-2.10.0\freetype-2.10.0\src\autofit\afblue.c(1,1): warning C4819: 该文件包含不能在当前代码页(936)中表示的字符。请将该文件保存为 Unicode 格式以防止数据丢失
F:\code\3rdparty\freetype-2.10.0\freetype-2.10.0\src\autofit\afblue.c(257,1): warning C4819: 该文件包含不能在当前代码页(936)中表示的字符。请将该文件保存为 Unicode 格式以防止数据丢失
F:\code\3rdparty\freetype-2.10.0\freetype-2.10.0\src\autofit\afscript.h(1,1): warning C4819: 该文件包含不能在当前代码页(936)中表示的字符。请将该文件保存为 Unicode 格式以防止数据丢失
F:\code\3rdparty\freetype-2.10.0\freetype-2.10.0\src\autofit\afscript.h(1,1): warning C4819: 该文件包含不能在当前代码页(936)中表示的字符。请将该文件保存为 Unicode 格式以防止数据丢失
F:\code\3rdparty\freetype-2.10.0\freetype-2.10.0\src\autofit\afscript.h(1,1): warning C4819: 该文件包含不能在当前代码页(936)中表示的字符。请将该文件保存为 Unicode 格式以防止数据丢失
F:\code\3rdparty\freetype-2.10.0\freetype-2.10.0\src\autofit\afscript.h(1,1): warning C4819: 该文件包含不能在当前代码页(936)中表示的字符。请将该文件保存为 Unicode 格式以防止数据丢失
  ftbase.c
  ftbbox.c
  ftbdf.c
  ftbitmap.c
  ftcid.c
  ftfstype.c
  ftgasp.c
  ftglyph.c
  ftgxval.c
  ftinit.c
  ftmm.c
  ftotval.c
  ftpatent.c
  ftpfr.c
  ftstroke.c
  ftsynth.c
  ftsystem.c
  fttype1.c
  ftwinfnt.c
  正在生成代码...
  正在编译...
  bdf.c
  ftbzip2.c
  ftcache.c
  cff.c
  type1cid.c
  ftgzip.c
  ftlzw.c
  pcf.c
  pfr.c
  psaux.c
F:\code\3rdparty\freetype-2.10.0\freetype-2.10.0\src\autofit\afscript.h(1,1): warning C4819: 该文件包含不能在当前代码页(936)中表示的字符。请将该文件保存为 Unicode 格式以防止数据丢失
  pshinter.c
  psnames.c
  raster.c
  sfnt.c
F:\code\3rdparty\freetype-2.10.0\freetype-2.10.0\src\psaux\psintrp.c(1005,29): warning C4267: “=”: 从“size_t”转换到“FT_Fast”，可能丢失数据
F:\code\3rdparty\freetype-2.10.0\freetype-2.10.0\src\sfnt\pngshim.c(129,31): warning C4267: “=”: 从“size_t”转换到“unsigned int”，可能丢失数据
F:\code\3rdparty\freetype-2.10.0\freetype-2.10.0\src\sfnt\sfdriver.c(846,32): warning C4267: “=”: 从“size_t”转换到“FT_UInt”，可能丢失数据
F:\code\3rdparty\freetype-2.10.0\freetype-2.10.0\src\sfnt\sfdriver.c(997,44): warning C4244: “函数”: 从“__int64”转换到“const unsigned int”，可能丢失数据
F:\code\3rdparty\freetype-2.10.0\freetype-2.10.0\src\sfnt\ttcolr.c(127,50): warning C4018: “>”: 有符号/无符号不匹配
F:\code\3rdparty\freetype-2.10.0\freetype-2.10.0\src\sfnt\ttcolr.c(136,40): warning C4018: “>”: 有符号/无符号不匹配
F:\code\3rdparty\freetype-2.10.0\freetype-2.10.0\src\sfnt\ttcpal.c(121,40): warning C4018: “>”: 有符号/无符号不匹配
F:\code\3rdparty\freetype-2.10.0\freetype-2.10.0\src\sfnt\ttcpal.c(153,50): warning C4018: “>”: 有符号/无符号不匹配
F:\code\3rdparty\freetype-2.10.0\freetype-2.10.0\src\sfnt\ttcpal.c(174,50): warning C4018: “>”: 有符号/无符号不匹配
F:\code\3rdparty\freetype-2.10.0\freetype-2.10.0\src\sfnt\ttcpal.c(195,57): warning C4018: “>”: 有符号/无符号不匹配
  smooth.c
F:\code\3rdparty\freetype-2.10.0\freetype-2.10.0\src\sfnt\ttload.c(1,1): warning C4819: 该文件包含不能在当前代码页(936)中表示的字符。请将该文件保存为 Unicode 格式以防止数据丢失
  truetype.c
F:\code\3rdparty\freetype-2.10.0\freetype-2.10.0\src\smooth\ftgrays.c(1700,26): warning C4267: “+=”: 从“size_t”转换到“TCoord”，可能丢失数据
F:\code\3rdparty\freetype-2.10.0\freetype-2.10.0\src\truetype\ttgload.c(1817,42): warning C4312: “类型强制转换”: 从“unsigned long”转换到更大的“void *”
  type1.c
F:\code\3rdparty\freetype-2.10.0\freetype-2.10.0\src\truetype\ttobjs.c(1035,1): warning C4819: 该文件包含不能在当前代码页(936)中表示的字符。请将该文件保存为 Unicode 格式以防止数据丢失
F:\code\3rdparty\freetype-2.10.0\freetype-2.10.0\src\type1\t1driver.c(277,51): warning C4267: “=”: 从“size_t”转换到“FT_ULong”，可能丢失数据
F:\code\3rdparty\freetype-2.10.0\freetype-2.10.0\src\type1\t1driver.c(298,58): warning C4267: “=”: 从“size_t”转换到“FT_ULong”，可能丢失数据
F:\code\3rdparty\freetype-2.10.0\freetype-2.10.0\src\type1\t1driver.c(330,65): warning C4267: “=”: 从“size_t”转换到“FT_ULong”，可能丢失数据
F:\code\3rdparty\freetype-2.10.0\freetype-2.10.0\src\type1\t1driver.c(360,23): warning C4267: “=”: 从“size_t”转换到“FT_UInt”，可能丢失数据
F:\code\3rdparty\freetype-2.10.0\freetype-2.10.0\src\type1\t1driver.c(569,59): warning C4267: “=”: 从“size_t”转换到“FT_ULong”，可能丢失数据
F:\code\3rdparty\freetype-2.10.0\freetype-2.10.0\src\type1\t1driver.c(578,58): warning C4267: “=”: 从“size_t”转换到“FT_ULong”，可能丢失数据
F:\code\3rdparty\freetype-2.10.0\freetype-2.10.0\src\type1\t1driver.c(587,61): warning C4267: “=”: 从“size_t”转换到“FT_ULong”，可能丢失数据
F:\code\3rdparty\freetype-2.10.0\freetype-2.10.0\src\type1\t1driver.c(596,63): warning C4267: “=”: 从“size_t”转换到“FT_ULong”，可能丢失数据
F:\code\3rdparty\freetype-2.10.0\freetype-2.10.0\src\type1\t1driver.c(606,58): warning C4267: “=”: 从“size_t”转换到“FT_ULong”，可能丢失数据
F:\code\3rdparty\freetype-2.10.0\freetype-2.10.0\src\type1\t1load.c(1742,68): warning C4244: “=”: 从“__int64”转换到“FT_Int”，可能丢失数据
  type42.c
F:\code\3rdparty\freetype-2.10.0\freetype-2.10.0\src\type1\t1load.c(1912,40): warning C4244: “=”: 从“__int64”转换到“FT_Int”，可能丢失数据
  winfnt.c
  ftdebug.c
  正在生成代码...
F:\code\3rdparty\freetype-2.10.0\freetype-2.10.0\src\type42\t42parse.c(836,66): warning C4244: “=”: 从“__int64”转换到“FT_Int”，可能丢失数据
  freetype.vcxproj -> F:\code\3rdparty\freetype-2.10.0\vs2019\Debug\freetyped.lib
