  Building Custom Rule F:/code/3rdparty/geos-3.8.1/geos-3.8.1/CMakeLists.txt
  Angle.cpp
  Area.cpp
  BoundaryNodeRule.cpp
  CGAlgorithmsDD.cpp
  Centroid.cpp
  ConvexHull.cpp
  Distance.cpp
  HCoordinate.cpp
  InteriorPointArea.cpp
  InteriorPointLine.cpp
  InteriorPointPoint.cpp
  Intersection.cpp
  Length.cpp
  LineIntersector.cpp
  MinimumBoundingCircle.cpp
  MinimumDiameter.cpp
  NotRepresentableException.cpp
  Orientation.cpp
  PointLocation.cpp
  PointLocator.cpp
  正在生成代码...
  正在编译...
  RayCrossingCounter.cpp
  RayCrossingCounterDD.cpp
  RobustDeterminant.cpp
  DiscreteFrechetDistance.cpp
  DiscreteHausdorffDistance.cpp
  DistanceToPoint.cpp
  IndexedPointInAreaLocator.cpp
  PointOnGeometryLocator.cpp
  SimplePointInAreaLocator.cpp
  Coordinate.cpp
  CoordinateArraySequence.cpp
  CoordinateArraySequenceFactory.cpp
  CoordinateSequence.cpp
  DefaultCoordinateSequenceFactory.cpp
  Dimension.cpp
  Envelope.cpp
  Geometry.cpp
  GeometryCollection.cpp
  GeometryComponentFilter.cpp
  GeometryFactory.cpp
  正在生成代码...
  正在编译...
  IntersectionMatrix.cpp
  LineSegment.cpp
  LineString.cpp
  LinearRing.cpp
  Location.cpp
  MultiLineString.cpp
  MultiPoint.cpp
  MultiPolygon.cpp
  Point.cpp
  Polygon.cpp
  PrecisionModel.cpp
  Triangle.cpp
  AbstractPreparedPolygonContains.cpp
  BasicPreparedGeometry.cpp
  PreparedGeometry.cpp
  PreparedGeometryFactory.cpp
  PreparedLineString.cpp
  PreparedLineStringIntersects.cpp
  PreparedPoint.cpp
  PreparedPolygon.cpp
  正在生成代码...
  正在编译...
  PreparedPolygonContains.cpp
  PreparedPolygonContainsProperly.cpp
  PreparedPolygonCovers.cpp
  PreparedPolygonIntersects.cpp
  PreparedPolygonPredicate.cpp
  ComponentCoordinateExtracter.cpp
  CoordinateOperation.cpp
  Densifier.cpp
  GeometryCombiner.cpp
  GeometryEditor.cpp
  GeometryTransformer.cpp
  LinearComponentExtracter.cpp
  PointExtracter.cpp
  PolygonExtracter.cpp
  ShortCircuitedGeometryVisitor.cpp
  SineStarFactory.cpp
  Depth.cpp
  EdgeEnd.cpp
  EdgeEndStar.cpp
  EdgeIntersectionList.cpp
  正在生成代码...
  正在编译...
  EdgeList.cpp
  EdgeNodingValidator.cpp
  GeometryGraph.cpp
  GraphComponent.cpp
  Label.cpp
  NodeFactory.cpp
  Position.cpp
  Quadrant.cpp
  TopologyLocation.cpp
  MonotoneChainEdge.cpp
  MonotoneChainIndexer.cpp
  SegmentIntersector.cpp
  SimpleEdgeSetIntersector.cpp
  SimpleMCSweepLineIntersector.cpp
  SimpleSweepLineIntersector.cpp
  SweepLineSegment.cpp
  Bintree.cpp
  MonotoneChain.cpp
  MonotoneChainBuilder.cpp
  MonotoneChainOverlapAction.cpp
  正在生成代码...
  正在编译...
  MonotoneChainSelectAction.cpp
  IntervalRTreeBranchNode.cpp
  IntervalRTreeLeafNode.cpp
  SortedPackedIntervalRTree.cpp
  DoubleBits.cpp
  IntervalSize.cpp
  Quadtree.cpp
  AbstractSTRtree.cpp
  BoundablePair.cpp
  EnvelopeUtil.cpp
  GeometryItemDistance.cpp
  SIRtree.cpp
  STRtree.cpp
  SweepLineIndex.cpp
  SweepLineInterval.cpp
  inlines.cpp
  ByteOrderDataInStream.cpp
  ByteOrderValues.cpp
  CLocalizer.cpp
  ParseException.cpp
  正在生成代码...
  正在编译...
  StringTokenizer.cpp
  Unload.cpp
  WKBReader.cpp
  WKBWriter.cpp
  WKTReader.cpp
  WKTWriter.cpp
  Writer.cpp
  ExtractLineByLocation.cpp
  LengthIndexOfPoint.cpp
  LengthIndexedLine.cpp
  LengthLocationMap.cpp
  LinearGeometryBuilder.cpp
  LinearIterator.cpp
  LinearLocation.cpp
  LocationIndexOfLine.cpp
  LocationIndexOfPoint.cpp
  BasicSegmentString.cpp
  FastNodingValidator.cpp
  FastSegmentSetIntersectionFinder.cpp
  GeometryNoder.cpp
  正在生成代码...
  正在编译...
  IntersectionAdder.cpp
  IntersectionFinderAdder.cpp
  IteratedNoder.cpp
  MCIndexNoder.cpp
  MCIndexSegmentSetMutualIntersector.cpp
  NodedSegmentString.cpp
  NodingIntersectionFinder.cpp
  NodingValidator.cpp
  Octant.cpp
  OrientedCoordinateArray.cpp
  ScaledNoder.cpp
  SegmentIntersectionDetector.cpp
  SegmentNode.cpp
  SegmentNodeList.cpp
  SegmentString.cpp
  SegmentStringUtil.cpp
  SimpleNoder.cpp
  HotPixel.cpp
  MCIndexPointSnapper.cpp
  MCIndexSnapRounder.cpp
  正在生成代码...
  正在编译...
  SimpleSnapRounder.cpp
  GeometryGraphOperation.cpp
  IsSimpleOp.cpp
  BufferBuilder.cpp
  BufferInputLineSimplifier.cpp
  BufferOp.cpp
  BufferParameters.cpp
  BufferSubgraph.cpp
  OffsetCurveBuilder.cpp
  OffsetCurveSetBuilder.cpp
  OffsetSegmentGenerator.cpp
  RightmostEdgeFinder.cpp
  SubgraphDepthLocater.cpp
  ConnectedElementLocationFilter.cpp
  ConnectedElementPointFilter.cpp
  DistanceOp.cpp
  FacetSequence.cpp
  FacetSequenceTreeBuilder.cpp
  GeometryLocation.cpp
  IndexedFacetDistance.cpp
  正在生成代码...
  正在编译...
  Rectangle.cpp
  RectangleIntersection.cpp
  RectangleIntersectionBuilder.cpp
  EdgeString.cpp
  LineMergeDirectedEdge.cpp
  LineMergeEdge.cpp
  LineMergeGraph.cpp
  LineMerger.cpp
  LineSequencer.cpp
  EdgeSetNoder.cpp
  ElevationMatrix.cpp
  ElevationMatrixCell.cpp
  LineBuilder.cpp
  MaximalEdgeRing.cpp
  MinimalEdgeRing.cpp
  OverlayNodeFactory.cpp
  OverlayOp.cpp
  PointBuilder.cpp
  PolygonBuilder.cpp
  GeometrySnapper.cpp
  正在生成代码...
  正在编译...
  LineStringSnapper.cpp
  SnapIfNeededOverlayOp.cpp
  SnapOverlayOp.cpp
  FuzzyPointLocator.cpp
  OffsetPointGenerator.cpp
  OverlayResultValidator.cpp
  BuildArea.cpp
  HoleAssigner.cpp
  PolygonizeDirectedEdge.cpp
  PolygonizeEdge.cpp
  PolygonizeGraph.cpp
  Polygonizer.cpp
  RectangleContains.cpp
  RectangleIntersects.cpp
  SegmentIntersectionTester.cpp
  EdgeEndBuilder.cpp
  EdgeEndBundle.cpp
  EdgeEndBundleStar.cpp
  RelateComputer.cpp
  RelateNode.cpp
  正在生成代码...
  正在编译...
  RelateNodeFactory.cpp
  RelateNodeGraph.cpp
  RelateOp.cpp
  SharedPathsOp.cpp
  CascadedPolygonUnion.cpp
  CascadedUnion.cpp
  CoverageUnion.cpp
  OverlapUnion.cpp
  PointGeometryUnion.cpp
  UnaryUnionOp.cpp
  ConnectedInteriorTester.cpp
  ConsistentAreaTester.cpp
  IndexedNestedRingTester.cpp
  IsValidOp.cpp
  MakeValid.cpp
  QuadtreeNestedRingTester.cpp
  RepeatedPointRemover.cpp
  RepeatedPointTester.cpp
  SimpleNestedRingTester.cpp
  SweeplineNestedRingTester.cpp
  正在生成代码...
  正在编译...
  TopologyValidationError.cpp
  Subgraph.cpp
  ConnectedSubgraphFinder.cpp
  CommonBits.cpp
  CommonBitsOp.cpp
  CommonBitsRemover.cpp
  EnhancedPrecisionOp.cpp
  GeometryPrecisionReducer.cpp
  MinimumClearance.cpp
  PrecisionReducerCoordinateOperation.cpp
  SimpleGeometryPrecisionReducer.cpp
  DouglasPeuckerLineSimplifier.cpp
  DouglasPeuckerSimplifier.cpp
  LineSegmentIndex.cpp
  TaggedLineSegment.cpp
  TaggedLineString.cpp
  TaggedLineStringSimplifier.cpp
  TaggedLinesSimplifier.cpp
  TopologyPreservingSimplifier.cpp
  DelaunayTriangulationBuilder.cpp
  正在生成代码...
  正在编译...
  IncrementalDelaunayTriangulator.cpp
  VoronoiDiagramBuilder.cpp
  LastFoundQuadEdgeLocator.cpp
  LocateFailureException.cpp
  QuadEdge.cpp
  QuadEdgeSubdivision.cpp
  TrianglePredicate.cpp
  Vertex.cpp
  Assert.cpp
  GeometricShapeFactory.cpp
  Interrupt.cpp
  Profiler.cpp
  math.cpp
  正在生成代码...
  DirectedEdge.cpp
  DirectedEdgeStar.cpp
  Edge.cpp
  EdgeRing.cpp
  Node.cpp
  NodeMap.cpp
  PlanarGraph.cpp
  SweepLineEvent.cpp
  Interval.cpp
  Key.cpp
  Node.cpp
  NodeBase.cpp
  Root.cpp
  Key.cpp
  Node.cpp
  NodeBase.cpp
  Root.cpp
  Interval.cpp
  SweepLineEvent.cpp
  EdgeRing.cpp
  DirectedEdge.cpp
  DirectedEdgeStar.cpp
  Edge.cpp
  Node.cpp
  NodeMap.cpp
  PlanarGraph.cpp
    正在创建库 F:/code/3rdparty/geos-3.8.1/vs2019/lib/Release/geos.lib 和对象 F:/code/3rdparty/geos-3.8.1/vs2019/lib/Release/geos.exp
  geos.vcxproj -> F:\code\3rdparty\geos-3.8.1\vs2019\bin\Release\geos.dll
