f:\code\3rdparty\geos-3.8.1\vs2019\geos.dir\release\pointlocator.obj
f:\code\3rdparty\geos-3.8.1\vs2019\geos.dir\release\pointlocation.obj
f:\code\3rdparty\geos-3.8.1\vs2019\geos.dir\release\orientation.obj
f:\code\3rdparty\geos-3.8.1\vs2019\geos.dir\release\notrepresentableexception.obj
f:\code\3rdparty\geos-3.8.1\vs2019\geos.dir\release\minimumdiameter.obj
f:\code\3rdparty\geos-3.8.1\vs2019\geos.dir\release\minimumboundingcircle.obj
f:\code\3rdparty\geos-3.8.1\vs2019\geos.dir\release\lineintersector.obj
f:\code\3rdparty\geos-3.8.1\vs2019\geos.dir\release\length.obj
f:\code\3rdparty\geos-3.8.1\vs2019\geos.dir\release\intersection.obj
f:\code\3rdparty\geos-3.8.1\vs2019\geos.dir\release\interiorpointpoint.obj
f:\code\3rdparty\geos-3.8.1\vs2019\geos.dir\release\interiorpointline.obj
f:\code\3rdparty\geos-3.8.1\vs2019\geos.dir\release\interiorpointarea.obj
f:\code\3rdparty\geos-3.8.1\vs2019\geos.dir\release\hcoordinate.obj
f:\code\3rdparty\geos-3.8.1\vs2019\geos.dir\release\distance.obj
f:\code\3rdparty\geos-3.8.1\vs2019\geos.dir\release\convexhull.obj
f:\code\3rdparty\geos-3.8.1\vs2019\geos.dir\release\centroid.obj
f:\code\3rdparty\geos-3.8.1\vs2019\geos.dir\release\cgalgorithmsdd.obj
f:\code\3rdparty\geos-3.8.1\vs2019\geos.dir\release\boundarynoderule.obj
f:\code\3rdparty\geos-3.8.1\vs2019\geos.dir\release\area.obj
f:\code\3rdparty\geos-3.8.1\vs2019\geos.dir\release\angle.obj
f:\code\3rdparty\geos-3.8.1\vs2019\geos.dir\release\geometryfactory.obj
f:\code\3rdparty\geos-3.8.1\vs2019\geos.dir\release\geometrycomponentfilter.obj
f:\code\3rdparty\geos-3.8.1\vs2019\geos.dir\release\geometrycollection.obj
f:\code\3rdparty\geos-3.8.1\vs2019\geos.dir\release\geometry.obj
f:\code\3rdparty\geos-3.8.1\vs2019\geos.dir\release\envelope.obj
f:\code\3rdparty\geos-3.8.1\vs2019\geos.dir\release\dimension.obj
f:\code\3rdparty\geos-3.8.1\vs2019\geos.dir\release\defaultcoordinatesequencefactory.obj
f:\code\3rdparty\geos-3.8.1\vs2019\geos.dir\release\coordinatesequence.obj
f:\code\3rdparty\geos-3.8.1\vs2019\geos.dir\release\coordinatearraysequencefactory.obj
f:\code\3rdparty\geos-3.8.1\vs2019\geos.dir\release\coordinatearraysequence.obj
f:\code\3rdparty\geos-3.8.1\vs2019\geos.dir\release\coordinate.obj
f:\code\3rdparty\geos-3.8.1\vs2019\geos.dir\release\simplepointinarealocator.obj
f:\code\3rdparty\geos-3.8.1\vs2019\geos.dir\release\pointongeometrylocator.obj
f:\code\3rdparty\geos-3.8.1\vs2019\geos.dir\release\indexedpointinarealocator.obj
f:\code\3rdparty\geos-3.8.1\vs2019\geos.dir\release\distancetopoint.obj
f:\code\3rdparty\geos-3.8.1\vs2019\geos.dir\release\discretehausdorffdistance.obj
f:\code\3rdparty\geos-3.8.1\vs2019\geos.dir\release\discretefrechetdistance.obj
f:\code\3rdparty\geos-3.8.1\vs2019\geos.dir\release\robustdeterminant.obj
f:\code\3rdparty\geos-3.8.1\vs2019\geos.dir\release\raycrossingcounterdd.obj
f:\code\3rdparty\geos-3.8.1\vs2019\geos.dir\release\raycrossingcounter.obj
f:\code\3rdparty\geos-3.8.1\vs2019\geos.dir\release\preparedpolygon.obj
f:\code\3rdparty\geos-3.8.1\vs2019\geos.dir\release\preparedpoint.obj
f:\code\3rdparty\geos-3.8.1\vs2019\geos.dir\release\preparedlinestringintersects.obj
f:\code\3rdparty\geos-3.8.1\vs2019\geos.dir\release\preparedlinestring.obj
f:\code\3rdparty\geos-3.8.1\vs2019\geos.dir\release\preparedgeometryfactory.obj
f:\code\3rdparty\geos-3.8.1\vs2019\geos.dir\release\preparedgeometry.obj
f:\code\3rdparty\geos-3.8.1\vs2019\geos.dir\release\basicpreparedgeometry.obj
f:\code\3rdparty\geos-3.8.1\vs2019\geos.dir\release\abstractpreparedpolygoncontains.obj
f:\code\3rdparty\geos-3.8.1\vs2019\geos.dir\release\triangle.obj
f:\code\3rdparty\geos-3.8.1\vs2019\geos.dir\release\precisionmodel.obj
f:\code\3rdparty\geos-3.8.1\vs2019\geos.dir\release\polygon.obj
f:\code\3rdparty\geos-3.8.1\vs2019\geos.dir\release\point.obj
f:\code\3rdparty\geos-3.8.1\vs2019\geos.dir\release\multipolygon.obj
f:\code\3rdparty\geos-3.8.1\vs2019\geos.dir\release\multipoint.obj
f:\code\3rdparty\geos-3.8.1\vs2019\geos.dir\release\multilinestring.obj
f:\code\3rdparty\geos-3.8.1\vs2019\geos.dir\release\location.obj
f:\code\3rdparty\geos-3.8.1\vs2019\geos.dir\release\linearring.obj
f:\code\3rdparty\geos-3.8.1\vs2019\geos.dir\release\linestring.obj
f:\code\3rdparty\geos-3.8.1\vs2019\geos.dir\release\linesegment.obj
f:\code\3rdparty\geos-3.8.1\vs2019\geos.dir\release\intersectionmatrix.obj
f:\code\3rdparty\geos-3.8.1\vs2019\geos.dir\release\edgeintersectionlist.obj
f:\code\3rdparty\geos-3.8.1\vs2019\geos.dir\release\edgeendstar.obj
f:\code\3rdparty\geos-3.8.1\vs2019\geos.dir\release\edgeend.obj
f:\code\3rdparty\geos-3.8.1\vs2019\geos.dir\release\depth.obj
f:\code\3rdparty\geos-3.8.1\vs2019\geos.dir\release\sinestarfactory.obj
f:\code\3rdparty\geos-3.8.1\vs2019\geos.dir\release\shortcircuitedgeometryvisitor.obj
f:\code\3rdparty\geos-3.8.1\vs2019\geos.dir\release\polygonextracter.obj
f:\code\3rdparty\geos-3.8.1\vs2019\geos.dir\release\pointextracter.obj
f:\code\3rdparty\geos-3.8.1\vs2019\geos.dir\release\linearcomponentextracter.obj
f:\code\3rdparty\geos-3.8.1\vs2019\geos.dir\release\geometrytransformer.obj
f:\code\3rdparty\geos-3.8.1\vs2019\geos.dir\release\geometryeditor.obj
f:\code\3rdparty\geos-3.8.1\vs2019\geos.dir\release\geometrycombiner.obj
f:\code\3rdparty\geos-3.8.1\vs2019\geos.dir\release\densifier.obj
f:\code\3rdparty\geos-3.8.1\vs2019\geos.dir\release\coordinateoperation.obj
f:\code\3rdparty\geos-3.8.1\vs2019\geos.dir\release\componentcoordinateextracter.obj
f:\code\3rdparty\geos-3.8.1\vs2019\geos.dir\release\preparedpolygonpredicate.obj
f:\code\3rdparty\geos-3.8.1\vs2019\geos.dir\release\preparedpolygonintersects.obj
f:\code\3rdparty\geos-3.8.1\vs2019\geos.dir\release\preparedpolygoncovers.obj
f:\code\3rdparty\geos-3.8.1\vs2019\geos.dir\release\preparedpolygoncontainsproperly.obj
f:\code\3rdparty\geos-3.8.1\vs2019\geos.dir\release\preparedpolygoncontains.obj
f:\code\3rdparty\geos-3.8.1\vs2019\geos.dir\release\monotonechainoverlapaction.obj
f:\code\3rdparty\geos-3.8.1\vs2019\geos.dir\release\monotonechainbuilder.obj
f:\code\3rdparty\geos-3.8.1\vs2019\geos.dir\release\monotonechain.obj
f:\code\3rdparty\geos-3.8.1\vs2019\geos.dir\release\bintree.obj
f:\code\3rdparty\geos-3.8.1\vs2019\geos.dir\release\sweeplinesegment.obj
f:\code\3rdparty\geos-3.8.1\vs2019\geos.dir\release\simplesweeplineintersector.obj
f:\code\3rdparty\geos-3.8.1\vs2019\geos.dir\release\simplemcsweeplineintersector.obj
f:\code\3rdparty\geos-3.8.1\vs2019\geos.dir\release\simpleedgesetintersector.obj
f:\code\3rdparty\geos-3.8.1\vs2019\geos.dir\release\segmentintersector.obj
f:\code\3rdparty\geos-3.8.1\vs2019\geos.dir\release\monotonechainindexer.obj
f:\code\3rdparty\geos-3.8.1\vs2019\geos.dir\release\monotonechainedge.obj
f:\code\3rdparty\geos-3.8.1\vs2019\geos.dir\release\topologylocation.obj
f:\code\3rdparty\geos-3.8.1\vs2019\geos.dir\release\quadrant.obj
f:\code\3rdparty\geos-3.8.1\vs2019\geos.dir\release\position.obj
f:\code\3rdparty\geos-3.8.1\vs2019\geos.dir\release\nodefactory.obj
f:\code\3rdparty\geos-3.8.1\vs2019\geos.dir\release\label.obj
f:\code\3rdparty\geos-3.8.1\vs2019\geos.dir\release\graphcomponent.obj
f:\code\3rdparty\geos-3.8.1\vs2019\geos.dir\release\geometrygraph.obj
f:\code\3rdparty\geos-3.8.1\vs2019\geos.dir\release\edgenodingvalidator.obj
f:\code\3rdparty\geos-3.8.1\vs2019\geos.dir\release\edgelist.obj
f:\code\3rdparty\geos-3.8.1\vs2019\geos.dir\release\parseexception.obj
f:\code\3rdparty\geos-3.8.1\vs2019\geos.dir\release\clocalizer.obj
f:\code\3rdparty\geos-3.8.1\vs2019\geos.dir\release\byteordervalues.obj
f:\code\3rdparty\geos-3.8.1\vs2019\geos.dir\release\byteorderdatainstream.obj
f:\code\3rdparty\geos-3.8.1\vs2019\geos.dir\release\inlines.obj
f:\code\3rdparty\geos-3.8.1\vs2019\geos.dir\release\sweeplineinterval.obj
f:\code\3rdparty\geos-3.8.1\vs2019\geos.dir\release\sweeplineindex.obj
f:\code\3rdparty\geos-3.8.1\vs2019\geos.dir\release\strtree.obj
f:\code\3rdparty\geos-3.8.1\vs2019\geos.dir\release\sirtree.obj
f:\code\3rdparty\geos-3.8.1\vs2019\geos.dir\release\geometryitemdistance.obj
f:\code\3rdparty\geos-3.8.1\vs2019\geos.dir\release\envelopeutil.obj
f:\code\3rdparty\geos-3.8.1\vs2019\geos.dir\release\boundablepair.obj
f:\code\3rdparty\geos-3.8.1\vs2019\geos.dir\release\abstractstrtree.obj
f:\code\3rdparty\geos-3.8.1\vs2019\geos.dir\release\quadtree.obj
f:\code\3rdparty\geos-3.8.1\vs2019\geos.dir\release\intervalsize.obj
f:\code\3rdparty\geos-3.8.1\vs2019\geos.dir\release\doublebits.obj
f:\code\3rdparty\geos-3.8.1\vs2019\geos.dir\release\sortedpackedintervalrtree.obj
f:\code\3rdparty\geos-3.8.1\vs2019\geos.dir\release\intervalrtreeleafnode.obj
f:\code\3rdparty\geos-3.8.1\vs2019\geos.dir\release\intervalrtreebranchnode.obj
f:\code\3rdparty\geos-3.8.1\vs2019\geos.dir\release\monotonechainselectaction.obj
f:\code\3rdparty\geos-3.8.1\vs2019\geos.dir\release\geometrynoder.obj
f:\code\3rdparty\geos-3.8.1\vs2019\geos.dir\release\fastsegmentsetintersectionfinder.obj
f:\code\3rdparty\geos-3.8.1\vs2019\geos.dir\release\fastnodingvalidator.obj
f:\code\3rdparty\geos-3.8.1\vs2019\geos.dir\release\basicsegmentstring.obj
f:\code\3rdparty\geos-3.8.1\vs2019\geos.dir\release\locationindexofpoint.obj
f:\code\3rdparty\geos-3.8.1\vs2019\geos.dir\release\locationindexofline.obj
f:\code\3rdparty\geos-3.8.1\vs2019\geos.dir\release\linearlocation.obj
f:\code\3rdparty\geos-3.8.1\vs2019\geos.dir\release\lineariterator.obj
f:\code\3rdparty\geos-3.8.1\vs2019\geos.dir\release\lineargeometrybuilder.obj
f:\code\3rdparty\geos-3.8.1\vs2019\geos.dir\release\lengthlocationmap.obj
f:\code\3rdparty\geos-3.8.1\vs2019\geos.dir\release\lengthindexedline.obj
f:\code\3rdparty\geos-3.8.1\vs2019\geos.dir\release\lengthindexofpoint.obj
f:\code\3rdparty\geos-3.8.1\vs2019\geos.dir\release\extractlinebylocation.obj
f:\code\3rdparty\geos-3.8.1\vs2019\geos.dir\release\writer.obj
f:\code\3rdparty\geos-3.8.1\vs2019\geos.dir\release\wktwriter.obj
f:\code\3rdparty\geos-3.8.1\vs2019\geos.dir\release\wktreader.obj
f:\code\3rdparty\geos-3.8.1\vs2019\geos.dir\release\wkbwriter.obj
f:\code\3rdparty\geos-3.8.1\vs2019\geos.dir\release\wkbreader.obj
f:\code\3rdparty\geos-3.8.1\vs2019\geos.dir\release\unload.obj
f:\code\3rdparty\geos-3.8.1\vs2019\geos.dir\release\stringtokenizer.obj
f:\code\3rdparty\geos-3.8.1\vs2019\geos.dir\release\mcindexsnaprounder.obj
f:\code\3rdparty\geos-3.8.1\vs2019\geos.dir\release\mcindexpointsnapper.obj
f:\code\3rdparty\geos-3.8.1\vs2019\geos.dir\release\hotpixel.obj
f:\code\3rdparty\geos-3.8.1\vs2019\geos.dir\release\simplenoder.obj
f:\code\3rdparty\geos-3.8.1\vs2019\geos.dir\release\segmentstringutil.obj
f:\code\3rdparty\geos-3.8.1\vs2019\geos.dir\release\segmentstring.obj
f:\code\3rdparty\geos-3.8.1\vs2019\geos.dir\release\segmentnodelist.obj
f:\code\3rdparty\geos-3.8.1\vs2019\geos.dir\release\segmentnode.obj
f:\code\3rdparty\geos-3.8.1\vs2019\geos.dir\release\segmentintersectiondetector.obj
f:\code\3rdparty\geos-3.8.1\vs2019\geos.dir\release\scalednoder.obj
f:\code\3rdparty\geos-3.8.1\vs2019\geos.dir\release\orientedcoordinatearray.obj
f:\code\3rdparty\geos-3.8.1\vs2019\geos.dir\release\octant.obj
f:\code\3rdparty\geos-3.8.1\vs2019\geos.dir\release\nodingvalidator.obj
f:\code\3rdparty\geos-3.8.1\vs2019\geos.dir\release\nodingintersectionfinder.obj
f:\code\3rdparty\geos-3.8.1\vs2019\geos.dir\release\nodedsegmentstring.obj
f:\code\3rdparty\geos-3.8.1\vs2019\geos.dir\release\mcindexsegmentsetmutualintersector.obj
f:\code\3rdparty\geos-3.8.1\vs2019\geos.dir\release\mcindexnoder.obj
f:\code\3rdparty\geos-3.8.1\vs2019\geos.dir\release\iteratednoder.obj
f:\code\3rdparty\geos-3.8.1\vs2019\geos.dir\release\intersectionfinderadder.obj
f:\code\3rdparty\geos-3.8.1\vs2019\geos.dir\release\intersectionadder.obj
f:\code\3rdparty\geos-3.8.1\vs2019\geos.dir\release\indexedfacetdistance.obj
f:\code\3rdparty\geos-3.8.1\vs2019\geos.dir\release\geometrylocation.obj
f:\code\3rdparty\geos-3.8.1\vs2019\geos.dir\release\facetsequencetreebuilder.obj
f:\code\3rdparty\geos-3.8.1\vs2019\geos.dir\release\facetsequence.obj
f:\code\3rdparty\geos-3.8.1\vs2019\geos.dir\release\distanceop.obj
f:\code\3rdparty\geos-3.8.1\vs2019\geos.dir\release\connectedelementpointfilter.obj
f:\code\3rdparty\geos-3.8.1\vs2019\geos.dir\release\connectedelementlocationfilter.obj
f:\code\3rdparty\geos-3.8.1\vs2019\geos.dir\release\subgraphdepthlocater.obj
f:\code\3rdparty\geos-3.8.1\vs2019\geos.dir\release\rightmostedgefinder.obj
f:\code\3rdparty\geos-3.8.1\vs2019\geos.dir\release\offsetsegmentgenerator.obj
f:\code\3rdparty\geos-3.8.1\vs2019\geos.dir\release\offsetcurvesetbuilder.obj
f:\code\3rdparty\geos-3.8.1\vs2019\geos.dir\release\offsetcurvebuilder.obj
f:\code\3rdparty\geos-3.8.1\vs2019\geos.dir\release\buffersubgraph.obj
f:\code\3rdparty\geos-3.8.1\vs2019\geos.dir\release\bufferparameters.obj
f:\code\3rdparty\geos-3.8.1\vs2019\geos.dir\release\bufferop.obj
f:\code\3rdparty\geos-3.8.1\vs2019\geos.dir\release\bufferinputlinesimplifier.obj
f:\code\3rdparty\geos-3.8.1\vs2019\geos.dir\release\bufferbuilder.obj
f:\code\3rdparty\geos-3.8.1\vs2019\geos.dir\release\issimpleop.obj
f:\code\3rdparty\geos-3.8.1\vs2019\geos.dir\release\geometrygraphoperation.obj
f:\code\3rdparty\geos-3.8.1\vs2019\geos.dir\release\simplesnaprounder.obj
f:\code\3rdparty\geos-3.8.1\vs2019\geos.dir\release\geometrysnapper.obj
f:\code\3rdparty\geos-3.8.1\vs2019\geos.dir\release\polygonbuilder.obj
f:\code\3rdparty\geos-3.8.1\vs2019\geos.dir\release\pointbuilder.obj
f:\code\3rdparty\geos-3.8.1\vs2019\geos.dir\release\overlayop.obj
f:\code\3rdparty\geos-3.8.1\vs2019\geos.dir\release\overlaynodefactory.obj
f:\code\3rdparty\geos-3.8.1\vs2019\geos.dir\release\minimaledgering.obj
f:\code\3rdparty\geos-3.8.1\vs2019\geos.dir\release\maximaledgering.obj
f:\code\3rdparty\geos-3.8.1\vs2019\geos.dir\release\linebuilder.obj
f:\code\3rdparty\geos-3.8.1\vs2019\geos.dir\release\elevationmatrixcell.obj
f:\code\3rdparty\geos-3.8.1\vs2019\geos.dir\release\elevationmatrix.obj
f:\code\3rdparty\geos-3.8.1\vs2019\geos.dir\release\edgesetnoder.obj
f:\code\3rdparty\geos-3.8.1\vs2019\geos.dir\release\linesequencer.obj
f:\code\3rdparty\geos-3.8.1\vs2019\geos.dir\release\linemerger.obj
f:\code\3rdparty\geos-3.8.1\vs2019\geos.dir\release\linemergegraph.obj
f:\code\3rdparty\geos-3.8.1\vs2019\geos.dir\release\linemergeedge.obj
f:\code\3rdparty\geos-3.8.1\vs2019\geos.dir\release\linemergedirectededge.obj
f:\code\3rdparty\geos-3.8.1\vs2019\geos.dir\release\edgestring.obj
f:\code\3rdparty\geos-3.8.1\vs2019\geos.dir\release\rectangleintersectionbuilder.obj
f:\code\3rdparty\geos-3.8.1\vs2019\geos.dir\release\rectangleintersection.obj
f:\code\3rdparty\geos-3.8.1\vs2019\geos.dir\release\rectangle.obj
f:\code\3rdparty\geos-3.8.1\vs2019\geos.dir\release\relatenode.obj
f:\code\3rdparty\geos-3.8.1\vs2019\geos.dir\release\relatecomputer.obj
f:\code\3rdparty\geos-3.8.1\vs2019\geos.dir\release\edgeendbundlestar.obj
f:\code\3rdparty\geos-3.8.1\vs2019\geos.dir\release\edgeendbundle.obj
f:\code\3rdparty\geos-3.8.1\vs2019\geos.dir\release\edgeendbuilder.obj
f:\code\3rdparty\geos-3.8.1\vs2019\geos.dir\release\segmentintersectiontester.obj
f:\code\3rdparty\geos-3.8.1\vs2019\geos.dir\release\rectangleintersects.obj
f:\code\3rdparty\geos-3.8.1\vs2019\geos.dir\release\rectanglecontains.obj
f:\code\3rdparty\geos-3.8.1\vs2019\geos.dir\release\polygonizer.obj
f:\code\3rdparty\geos-3.8.1\vs2019\geos.dir\release\polygonizegraph.obj
f:\code\3rdparty\geos-3.8.1\vs2019\geos.dir\release\polygonizeedge.obj
f:\code\3rdparty\geos-3.8.1\vs2019\geos.dir\release\polygonizedirectededge.obj
f:\code\3rdparty\geos-3.8.1\vs2019\geos.dir\release\holeassigner.obj
f:\code\3rdparty\geos-3.8.1\vs2019\geos.dir\release\buildarea.obj
f:\code\3rdparty\geos-3.8.1\vs2019\geos.dir\release\overlayresultvalidator.obj
f:\code\3rdparty\geos-3.8.1\vs2019\geos.dir\release\offsetpointgenerator.obj
f:\code\3rdparty\geos-3.8.1\vs2019\geos.dir\release\fuzzypointlocator.obj
f:\code\3rdparty\geos-3.8.1\vs2019\geos.dir\release\snapoverlayop.obj
f:\code\3rdparty\geos-3.8.1\vs2019\geos.dir\release\snapifneededoverlayop.obj
f:\code\3rdparty\geos-3.8.1\vs2019\geos.dir\release\linestringsnapper.obj
f:\code\3rdparty\geos-3.8.1\vs2019\geos.dir\release\sweeplinenestedringtester.obj
f:\code\3rdparty\geos-3.8.1\vs2019\geos.dir\release\simplenestedringtester.obj
f:\code\3rdparty\geos-3.8.1\vs2019\geos.dir\release\repeatedpointtester.obj
f:\code\3rdparty\geos-3.8.1\vs2019\geos.dir\release\repeatedpointremover.obj
f:\code\3rdparty\geos-3.8.1\vs2019\geos.dir\release\quadtreenestedringtester.obj
f:\code\3rdparty\geos-3.8.1\vs2019\geos.dir\release\makevalid.obj
f:\code\3rdparty\geos-3.8.1\vs2019\geos.dir\release\isvalidop.obj
f:\code\3rdparty\geos-3.8.1\vs2019\geos.dir\release\indexednestedringtester.obj
f:\code\3rdparty\geos-3.8.1\vs2019\geos.dir\release\consistentareatester.obj
f:\code\3rdparty\geos-3.8.1\vs2019\geos.dir\release\connectedinteriortester.obj
f:\code\3rdparty\geos-3.8.1\vs2019\geos.dir\release\unaryunionop.obj
f:\code\3rdparty\geos-3.8.1\vs2019\geos.dir\release\pointgeometryunion.obj
f:\code\3rdparty\geos-3.8.1\vs2019\geos.dir\release\overlapunion.obj
f:\code\3rdparty\geos-3.8.1\vs2019\geos.dir\release\coverageunion.obj
f:\code\3rdparty\geos-3.8.1\vs2019\geos.dir\release\cascadedunion.obj
f:\code\3rdparty\geos-3.8.1\vs2019\geos.dir\release\cascadedpolygonunion.obj
f:\code\3rdparty\geos-3.8.1\vs2019\geos.dir\release\sharedpathsop.obj
f:\code\3rdparty\geos-3.8.1\vs2019\geos.dir\release\relateop.obj
f:\code\3rdparty\geos-3.8.1\vs2019\geos.dir\release\relatenodegraph.obj
f:\code\3rdparty\geos-3.8.1\vs2019\geos.dir\release\relatenodefactory.obj
f:\code\3rdparty\geos-3.8.1\vs2019\geos.dir\release\delaunaytriangulationbuilder.obj
f:\code\3rdparty\geos-3.8.1\vs2019\geos.dir\release\topologypreservingsimplifier.obj
f:\code\3rdparty\geos-3.8.1\vs2019\geos.dir\release\taggedlinessimplifier.obj
f:\code\3rdparty\geos-3.8.1\vs2019\geos.dir\release\taggedlinestringsimplifier.obj
f:\code\3rdparty\geos-3.8.1\vs2019\geos.dir\release\taggedlinestring.obj
f:\code\3rdparty\geos-3.8.1\vs2019\geos.dir\release\taggedlinesegment.obj
f:\code\3rdparty\geos-3.8.1\vs2019\geos.dir\release\linesegmentindex.obj
f:\code\3rdparty\geos-3.8.1\vs2019\geos.dir\release\douglaspeuckersimplifier.obj
f:\code\3rdparty\geos-3.8.1\vs2019\geos.dir\release\douglaspeuckerlinesimplifier.obj
f:\code\3rdparty\geos-3.8.1\vs2019\geos.dir\release\simplegeometryprecisionreducer.obj
f:\code\3rdparty\geos-3.8.1\vs2019\geos.dir\release\precisionreducercoordinateoperation.obj
f:\code\3rdparty\geos-3.8.1\vs2019\geos.dir\release\minimumclearance.obj
f:\code\3rdparty\geos-3.8.1\vs2019\geos.dir\release\geometryprecisionreducer.obj
f:\code\3rdparty\geos-3.8.1\vs2019\geos.dir\release\enhancedprecisionop.obj
f:\code\3rdparty\geos-3.8.1\vs2019\geos.dir\release\commonbitsremover.obj
f:\code\3rdparty\geos-3.8.1\vs2019\geos.dir\release\commonbitsop.obj
f:\code\3rdparty\geos-3.8.1\vs2019\geos.dir\release\commonbits.obj
f:\code\3rdparty\geos-3.8.1\vs2019\geos.dir\release\connectedsubgraphfinder.obj
f:\code\3rdparty\geos-3.8.1\vs2019\geos.dir\release\subgraph.obj
f:\code\3rdparty\geos-3.8.1\vs2019\geos.dir\release\topologyvalidationerror.obj
f:\code\3rdparty\geos-3.8.1\vs2019\geos.dir\release\math.obj
f:\code\3rdparty\geos-3.8.1\vs2019\geos.dir\release\profiler.obj
f:\code\3rdparty\geos-3.8.1\vs2019\geos.dir\release\interrupt.obj
f:\code\3rdparty\geos-3.8.1\vs2019\geos.dir\release\geometricshapefactory.obj
f:\code\3rdparty\geos-3.8.1\vs2019\geos.dir\release\assert.obj
f:\code\3rdparty\geos-3.8.1\vs2019\geos.dir\release\vertex.obj
f:\code\3rdparty\geos-3.8.1\vs2019\geos.dir\release\trianglepredicate.obj
f:\code\3rdparty\geos-3.8.1\vs2019\geos.dir\release\quadedgesubdivision.obj
f:\code\3rdparty\geos-3.8.1\vs2019\geos.dir\release\quadedge.obj
f:\code\3rdparty\geos-3.8.1\vs2019\geos.dir\release\locatefailureexception.obj
f:\code\3rdparty\geos-3.8.1\vs2019\geos.dir\release\lastfoundquadedgelocator.obj
f:\code\3rdparty\geos-3.8.1\vs2019\geos.dir\release\voronoidiagrambuilder.obj
f:\code\3rdparty\geos-3.8.1\vs2019\geos.dir\release\incrementaldelaunaytriangulator.obj
f:\code\3rdparty\geos-3.8.1\vs2019\geos.dir\release\src\geomgraph\directededge.cpp.obj
f:\code\3rdparty\geos-3.8.1\vs2019\geos.dir\release\src\geomgraph\directededgestar.cpp.obj
f:\code\3rdparty\geos-3.8.1\vs2019\geos.dir\release\src\geomgraph\edge.cpp.obj
f:\code\3rdparty\geos-3.8.1\vs2019\geos.dir\release\src\geomgraph\edgering.cpp.obj
f:\code\3rdparty\geos-3.8.1\vs2019\geos.dir\release\src\geomgraph\node.cpp.obj
f:\code\3rdparty\geos-3.8.1\vs2019\geos.dir\release\src\geomgraph\nodemap.cpp.obj
f:\code\3rdparty\geos-3.8.1\vs2019\geos.dir\release\src\geomgraph\planargraph.cpp.obj
f:\code\3rdparty\geos-3.8.1\vs2019\geos.dir\release\src\geomgraph\index\sweeplineevent.cpp.obj
f:\code\3rdparty\geos-3.8.1\vs2019\geos.dir\release\src\index\bintree\interval.cpp.obj
f:\code\3rdparty\geos-3.8.1\vs2019\geos.dir\release\src\index\bintree\key.cpp.obj
f:\code\3rdparty\geos-3.8.1\vs2019\geos.dir\release\src\index\bintree\node.cpp.obj
f:\code\3rdparty\geos-3.8.1\vs2019\geos.dir\release\src\index\bintree\nodebase.cpp.obj
f:\code\3rdparty\geos-3.8.1\vs2019\geos.dir\release\src\index\bintree\root.cpp.obj
f:\code\3rdparty\geos-3.8.1\vs2019\geos.dir\release\src\index\quadtree\key.cpp.obj
f:\code\3rdparty\geos-3.8.1\vs2019\geos.dir\release\src\index\quadtree\node.cpp.obj
f:\code\3rdparty\geos-3.8.1\vs2019\geos.dir\release\src\index\quadtree\nodebase.cpp.obj
f:\code\3rdparty\geos-3.8.1\vs2019\geos.dir\release\src\index\quadtree\root.cpp.obj
f:\code\3rdparty\geos-3.8.1\vs2019\geos.dir\release\src\index\strtree\interval.cpp.obj
f:\code\3rdparty\geos-3.8.1\vs2019\geos.dir\release\src\index\sweepline\sweeplineevent.cpp.obj
f:\code\3rdparty\geos-3.8.1\vs2019\geos.dir\release\src\operation\polygonize\edgering.cpp.obj
f:\code\3rdparty\geos-3.8.1\vs2019\geos.dir\release\src\planargraph\directededge.cpp.obj
f:\code\3rdparty\geos-3.8.1\vs2019\geos.dir\release\src\planargraph\directededgestar.cpp.obj
f:\code\3rdparty\geos-3.8.1\vs2019\geos.dir\release\src\planargraph\edge.cpp.obj
f:\code\3rdparty\geos-3.8.1\vs2019\geos.dir\release\src\planargraph\node.cpp.obj
f:\code\3rdparty\geos-3.8.1\vs2019\geos.dir\release\src\planargraph\nodemap.cpp.obj
f:\code\3rdparty\geos-3.8.1\vs2019\geos.dir\release\src\planargraph\planargraph.cpp.obj
f:\code\3rdparty\geos-3.8.1\vs2019\cmakefiles\generate.stamp
f:\code\3rdparty\geos-3.8.1\vs2019\lib\release\geos.lib
f:\code\3rdparty\geos-3.8.1\vs2019\lib\release\geos.exp
f:\code\3rdparty\geos-3.8.1\vs2019\bin\release\geos.dll
f:\code\3rdparty\geos-3.8.1\vs2019\geos.dir\release\geos.tlog\cl.command.1.tlog
f:\code\3rdparty\geos-3.8.1\vs2019\geos.dir\release\geos.tlog\cl.read.1.tlog
f:\code\3rdparty\geos-3.8.1\vs2019\geos.dir\release\geos.tlog\cl.write.1.tlog
f:\code\3rdparty\geos-3.8.1\vs2019\geos.dir\release\geos.tlog\custombuild.command.1.tlog
f:\code\3rdparty\geos-3.8.1\vs2019\geos.dir\release\geos.tlog\custombuild.read.1.tlog
f:\code\3rdparty\geos-3.8.1\vs2019\geos.dir\release\geos.tlog\custombuild.write.1.tlog
f:\code\3rdparty\geos-3.8.1\vs2019\geos.dir\release\geos.tlog\geos.write.1u.tlog
f:\code\3rdparty\geos-3.8.1\vs2019\geos.dir\release\geos.tlog\link.command.1.tlog
f:\code\3rdparty\geos-3.8.1\vs2019\geos.dir\release\geos.tlog\link.read.1.tlog
f:\code\3rdparty\geos-3.8.1\vs2019\geos.dir\release\geos.tlog\link.write.1.tlog
