f:\code\3rdparty\geos-3.8.1\vs2019\cmakefiles\generate.stamp
f:\code\3rdparty\geos-3.8.1\vs2019\include\cmakefiles\generate.stamp
f:\code\3rdparty\geos-3.8.1\vs2019\src\cmakefiles\generate.stamp
f:\code\3rdparty\geos-3.8.1\vs2019\capi\cmakefiles\generate.stamp
f:\code\3rdparty\geos-3.8.1\vs2019\tests\cmakefiles\generate.stamp
f:\code\3rdparty\geos-3.8.1\vs2019\tests\unit\cmakefiles\generate.stamp
f:\code\3rdparty\geos-3.8.1\vs2019\tests\xmltester\cmakefiles\generate.stamp
f:\code\3rdparty\geos-3.8.1\vs2019\tests\bigtest\cmakefiles\generate.stamp
f:\code\3rdparty\geos-3.8.1\vs2019\benchmarks\cmakefiles\generate.stamp
f:\code\3rdparty\geos-3.8.1\vs2019\benchmarks\algorithm\cmakefiles\generate.stamp
f:\code\3rdparty\geos-3.8.1\vs2019\benchmarks\operation\cmakefiles\generate.stamp
f:\code\3rdparty\geos-3.8.1\vs2019\benchmarks\operation\buffer\cmakefiles\generate.stamp
f:\code\3rdparty\geos-3.8.1\vs2019\benchmarks\operation\predicate\cmakefiles\generate.stamp
f:\code\3rdparty\geos-3.8.1\vs2019\benchmarks\capi\cmakefiles\generate.stamp
f:\code\3rdparty\geos-3.8.1\vs2019\doc\cmakefiles\generate.stamp
f:\code\3rdparty\geos-3.8.1\vs2019\tools\cmakefiles\generate.stamp
f:\code\3rdparty\geos-3.8.1\vs2019\tools\astyle\cmakefiles\generate.stamp
f:\code\3rdparty\geos-3.8.1\vs2019\x64\release\zero_check\zero_check.tlog\custombuild.command.1.tlog
f:\code\3rdparty\geos-3.8.1\vs2019\x64\release\zero_check\zero_check.tlog\custombuild.read.1.tlog
f:\code\3rdparty\geos-3.8.1\vs2019\x64\release\zero_check\zero_check.tlog\custombuild.write.1.tlog
