  Building Custom Rule F:/code/3rdparty/tiff-4.1.0/tiff-4.1.0/libtiff/CMakeLists.txt
  tif_aux.c
  tif_close.c
  tif_codec.c
F:\code\3rdparty\tiff-4.1.0\tiff-4.1.0\libtiff\tif_codec.c(117,1): warning C4996: 'sprintf': This function or variable may be unsafe. Consider using sprintf_s instead. To disable deprecation, use _CRT_SECURE_NO_WARNINGS. See online help for details.
  tif_color.c
  tif_compress.c
C:\Program Files (x86)\Windows Kits\10\Include\10.0.18362.0\ucrt\stdio.h(1774): message : 参见“sprintf”的声明
  tif_dir.c
  tif_dirinfo.c
  tif_dirread.c
F:\code\3rdparty\tiff-4.1.0\tiff-4.1.0\libtiff\tif_compress.c(209,9): warning C4996: 'strcpy': This function or variable may be unsafe. Consider using strcpy_s instead. To disable deprecation, use _CRT_SECURE_NO_WARNINGS. See online help for details.
F:\code\3rdparty\tiff-4.1.0\tiff-4.1.0\libtiff\tif_dirread.c(5665,1): warning C4996: 'getenv': This function or variable may be unsafe. Consider using _dupenv_s instead. To disable deprecation, use _CRT_SECURE_NO_WARNINGS. See online help for details.
  tif_dirwrite.c
  tif_dumpmode.c
  tif_error.c
  tif_extension.c
C:\Program Files (x86)\Windows Kits\10\Include\10.0.18362.0\ucrt\stdlib.h(1191): message : 参见“getenv”的声明
  tif_fax3.c
  tif_fax3sm.c
  tif_flush.c
  tif_getimage.c
F:\code\3rdparty\tiff-4.1.0\tiff-4.1.0\libtiff\tif_extension.c(105,11): warning C4996: 'strcpy': This function or variable may be unsafe. Consider using strcpy_s instead. To disable deprecation, use _CRT_SECURE_NO_WARNINGS. See online help for details.
F:\code\3rdparty\tiff-4.1.0\tiff-4.1.0\libtiff\tif_getimage.c(81,1): warning C4996: 'sprintf': This function or variable may be unsafe. Consider using sprintf_s instead. To disable deprecation, use _CRT_SECURE_NO_WARNINGS. See online help for details.
C:\Program Files (x86)\Windows Kits\10\Include\10.0.18362.0\ucrt\stdio.h(1774): message : 参见“sprintf”的声明
F:\code\3rdparty\tiff-4.1.0\tiff-4.1.0\libtiff\tif_getimage.c(92,1): warning C4996: 'sprintf': This function or variable may be unsafe. Consider using sprintf_s instead. To disable deprecation, use _CRT_SECURE_NO_WARNINGS. See online help for details.
C:\Program Files (x86)\Windows Kits\10\Include\10.0.18362.0\ucrt\stdio.h(1774): message : 参见“sprintf”的声明
F:\code\3rdparty\tiff-4.1.0\tiff-4.1.0\libtiff\tif_getimage.c(97,1): warning C4996: 'sprintf': This function or variable may be unsafe. Consider using sprintf_s instead. To disable deprecation, use _CRT_SECURE_NO_WARNINGS. See online help for details.
C:\Program Files (x86)\Windows Kits\10\Include\10.0.18362.0\ucrt\stdio.h(1774): message : 参见“sprintf”的声明
F:\code\3rdparty\tiff-4.1.0\tiff-4.1.0\libtiff\tif_getimage.c(110,1): warning C4996: 'sprintf': This function or variable may be unsafe. Consider using sprintf_s instead. To disable deprecation, use _CRT_SECURE_NO_WARNINGS. See online help for details.
C:\Program Files (x86)\Windows Kits\10\Include\10.0.18362.0\ucrt\stdio.h(1774): message : 参见“sprintf”的声明
F:\code\3rdparty\tiff-4.1.0\tiff-4.1.0\libtiff\tif_getimage.c(121,1): warning C4996: 'sprintf': This function or variable may be unsafe. Consider using sprintf_s instead. To disable deprecation, use _CRT_SECURE_NO_WARNINGS. See online help for details.
C:\Program Files (x86)\Windows Kits\10\Include\10.0.18362.0\ucrt\stdio.h(1774): message : 参见“sprintf”的声明
F:\code\3rdparty\tiff-4.1.0\tiff-4.1.0\libtiff\tif_getimage.c(145,1): warning C4996: 'sprintf': This function or variable may be unsafe. Consider using sprintf_s instead. To disable deprecation, use _CRT_SECURE_NO_WARNINGS. See online help for details.
C:\Program Files (x86)\Windows Kits\10\Include\10.0.18362.0\ucrt\stdio.h(1774): message : 参见“sprintf”的声明
F:\code\3rdparty\tiff-4.1.0\tiff-4.1.0\libtiff\tif_getimage.c(155,1): warning C4996: 'sprintf': This function or variable may be unsafe. Consider using sprintf_s instead. To disable deprecation, use _CRT_SECURE_NO_WARNINGS. See online help for details.
C:\Program Files (x86)\Windows Kits\10\Include\10.0.18362.0\ucrt\stdio.h(1774): message : 参见“sprintf”的声明
F:\code\3rdparty\tiff-4.1.0\tiff-4.1.0\libtiff\tif_getimage.c(161,1): warning C4996: 'sprintf': This function or variable may be unsafe. Consider using sprintf_s instead. To disable deprecation, use _CRT_SECURE_NO_WARNINGS. See online help for details.
C:\Program Files (x86)\Windows Kits\10\Include\10.0.18362.0\ucrt\stdio.h(1774): message : 参见“sprintf”的声明
F:\code\3rdparty\tiff-4.1.0\tiff-4.1.0\libtiff\tif_getimage.c(170,1): warning C4996: 'sprintf': This function or variable may be unsafe. Consider using sprintf_s instead. To disable deprecation, use _CRT_SECURE_NO_WARNINGS. See online help for details.
C:\Program Files (x86)\Windows Kits\10\Include\10.0.18362.0\ucrt\stdio.h(1774): message : 参见“sprintf”的声明
F:\code\3rdparty\tiff-4.1.0\tiff-4.1.0\libtiff\tif_getimage.c(178,1): warning C4996: 'sprintf': This function or variable may be unsafe. Consider using sprintf_s instead. To disable deprecation, use _CRT_SECURE_NO_WARNINGS. See online help for details.
C:\Program Files (x86)\Windows Kits\10\Include\10.0.18362.0\ucrt\stdio.h(1774): message : 参见“sprintf”的声明
F:\code\3rdparty\tiff-4.1.0\tiff-4.1.0\libtiff\tif_getimage.c(183,1): warning C4996: 'sprintf': This function or variable may be unsafe. Consider using sprintf_s instead. To disable deprecation, use _CRT_SECURE_NO_WARNINGS. See online help for details.
C:\Program Files (x86)\Windows Kits\10\Include\10.0.18362.0\ucrt\stdio.h(1774): message : 参见“sprintf”的声明
F:\code\3rdparty\tiff-4.1.0\tiff-4.1.0\libtiff\tif_getimage.c(188,1): warning C4996: 'sprintf': This function or variable may be unsafe. Consider using sprintf_s instead. To disable deprecation, use _CRT_SECURE_NO_WARNINGS. See online help for details.
C:\Program Files (x86)\Windows Kits\10\Include\10.0.18362.0\ucrt\stdio.h(1774): message : 参见“sprintf”的声明
F:\code\3rdparty\tiff-4.1.0\tiff-4.1.0\libtiff\tif_getimage.c(197,1): warning C4996: 'sprintf': This function or variable may be unsafe. Consider using sprintf_s instead. To disable deprecation, use _CRT_SECURE_NO_WARNINGS. See online help for details.
C:\Program Files (x86)\Windows Kits\10\Include\10.0.18362.0\ucrt\stdio.h(1774): message : 参见“sprintf”的声明
F:\code\3rdparty\tiff-4.1.0\tiff-4.1.0\libtiff\tif_getimage.c(206,1): warning C4996: 'sprintf': This function or variable may be unsafe. Consider using sprintf_s instead. To disable deprecation, use _CRT_SECURE_NO_WARNINGS. See online help for details.
C:\Program Files (x86)\Windows Kits\10\Include\10.0.18362.0\ucrt\stdio.h(1774): message : 参见“sprintf”的声明
F:\code\3rdparty\tiff-4.1.0\tiff-4.1.0\libtiff\tif_getimage.c(304,1): warning C4996: 'sprintf': This function or variable may be unsafe. Consider using sprintf_s instead. To disable deprecation, use _CRT_SECURE_NO_WARNINGS. See online help for details.
C:\Program Files (x86)\Windows Kits\10\Include\10.0.18362.0\ucrt\stdio.h(1774): message : 参见“sprintf”的声明
F:\code\3rdparty\tiff-4.1.0\tiff-4.1.0\libtiff\tif_getimage.c(354,1): warning C4996: 'sprintf': This function or variable may be unsafe. Consider using sprintf_s instead. To disable deprecation, use _CRT_SECURE_NO_WARNINGS. See online help for details.
C:\Program Files (x86)\Windows Kits\10\Include\10.0.18362.0\ucrt\stdio.h(1774): message : 参见“sprintf”的声明
F:\code\3rdparty\tiff-4.1.0\tiff-4.1.0\libtiff\tif_getimage.c(362,1): warning C4996: 'sprintf': This function or variable may be unsafe. Consider using sprintf_s instead. To disable deprecation, use _CRT_SECURE_NO_WARNINGS. See online help for details.
C:\Program Files (x86)\Windows Kits\10\Include\10.0.18362.0\ucrt\stdio.h(1774): message : 参见“sprintf”的声明
F:\code\3rdparty\tiff-4.1.0\tiff-4.1.0\libtiff\tif_getimage.c(372,1): warning C4996: 'sprintf': This function or variable may be unsafe. Consider using sprintf_s instead. To disable deprecation, use _CRT_SECURE_NO_WARNINGS. See online help for details.
C:\Program Files (x86)\Windows Kits\10\Include\10.0.18362.0\ucrt\stdio.h(1774): message : 参见“sprintf”的声明
F:\code\3rdparty\tiff-4.1.0\tiff-4.1.0\libtiff\tif_getimage.c(386,1): warning C4996: 'sprintf': This function or variable may be unsafe. Consider using sprintf_s instead. To disable deprecation, use _CRT_SECURE_NO_WARNINGS. See online help for details.
C:\Program Files (x86)\Windows Kits\10\Include\10.0.18362.0\ucrt\stdio.h(1774): message : 参见“sprintf”的声明
F:\code\3rdparty\tiff-4.1.0\tiff-4.1.0\libtiff\tif_getimage.c(423,1): warning C4996: 'sprintf': This function or variable may be unsafe. Consider using sprintf_s instead. To disable deprecation, use _CRT_SECURE_NO_WARNINGS. See online help for details.
C:\Program Files (x86)\Windows Kits\10\Include\10.0.18362.0\ucrt\stdio.h(1774): message : 参见“sprintf”的声明
F:\code\3rdparty\tiff-4.1.0\tiff-4.1.0\libtiff\tif_getimage.c(433,1): warning C4996: 'sprintf': This function or variable may be unsafe. Consider using sprintf_s instead. To disable deprecation, use _CRT_SECURE_NO_WARNINGS. See online help for details.
C:\Program Files (x86)\Windows Kits\10\Include\10.0.18362.0\ucrt\stdio.h(1774): message : 参见“sprintf”的声明
F:\code\3rdparty\tiff-4.1.0\tiff-4.1.0\libtiff\tif_getimage.c(438,1): warning C4996: 'sprintf': This function or variable may be unsafe. Consider using sprintf_s instead. To disable deprecation, use _CRT_SECURE_NO_WARNINGS. See online help for details.
C:\Program Files (x86)\Windows Kits\10\Include\10.0.18362.0\ucrt\stdio.h(1774): message : 参见“sprintf”的声明
F:\code\3rdparty\tiff-4.1.0\tiff-4.1.0\libtiff\tif_getimage.c(446,1): warning C4996: 'sprintf': This function or variable may be unsafe. Consider using sprintf_s instead. To disable deprecation, use _CRT_SECURE_NO_WARNINGS. See online help for details.
C:\Program Files (x86)\Windows Kits\10\Include\10.0.18362.0\ucrt\stdio.h(1774): message : 参见“sprintf”的声明
F:\code\3rdparty\tiff-4.1.0\tiff-4.1.0\libtiff\tif_getimage.c(456,1): warning C4996: 'sprintf': This function or variable may be unsafe. Consider using sprintf_s instead. To disable deprecation, use _CRT_SECURE_NO_WARNINGS. See online help for details.
C:\Program Files (x86)\Windows Kits\10\Include\10.0.18362.0\ucrt\stdio.h(1774): message : 参见“sprintf”的声明
F:\code\3rdparty\tiff-4.1.0\tiff-4.1.0\libtiff\tif_getimage.c(461,1): warning C4996: 'sprintf': This function or variable may be unsafe. Consider using sprintf_s instead. To disable deprecation, use _CRT_SECURE_NO_WARNINGS. See online help for details.
C:\Program Files (x86)\Windows Kits\10\Include\10.0.18362.0\ucrt\stdio.h(1774): message : 参见“sprintf”的声明
F:\code\3rdparty\tiff-4.1.0\tiff-4.1.0\libtiff\tif_getimage.c(472,1): warning C4996: 'sprintf': This function or variable may be unsafe. Consider using sprintf_s instead. To disable deprecation, use _CRT_SECURE_NO_WARNINGS. See online help for details.
C:\Program Files (x86)\Windows Kits\10\Include\10.0.18362.0\ucrt\stdio.h(1774): message : 参见“sprintf”的声明
F:\code\3rdparty\tiff-4.1.0\tiff-4.1.0\libtiff\tif_getimage.c(483,1): warning C4996: 'sprintf': This function or variable may be unsafe. Consider using sprintf_s instead. To disable deprecation, use _CRT_SECURE_NO_WARNINGS. See online help for details.
C:\Program Files (x86)\Windows Kits\10\Include\10.0.18362.0\ucrt\stdio.h(1774): message : 参见“sprintf”的声明
F:\code\3rdparty\tiff-4.1.0\tiff-4.1.0\libtiff\tif_getimage.c(488,1): warning C4996: 'sprintf': This function or variable may be unsafe. Consider using sprintf_s instead. To disable deprecation, use _CRT_SECURE_NO_WARNINGS. See online help for details.
  tif_jbig.c
  tif_jpeg.c
C:\Program Files (x86)\Windows Kits\10\Include\10.0.18362.0\ucrt\stdio.h(1774): message : 参见“sprintf”的声明
F:\code\3rdparty\tiff-4.1.0\tiff-4.1.0\libtiff\tif_jpeg.c(384,1): warning C4996: 'getenv': This function or variable may be unsafe. Consider using _dupenv_s instead. To disable deprecation, use _CRT_SECURE_NO_WARNINGS. See online help for details.
C:\Program Files (x86)\Windows Kits\10\Include\10.0.18362.0\ucrt\stdlib.h(1191): message : 参见“getenv”的声明
F:\code\3rdparty\tiff-4.1.0\tiff-4.1.0\libtiff\tif_jpeg.c(1223,1): warning C4996: 'getenv': This function or variable may be unsafe. Consider using _dupenv_s instead. To disable deprecation, use _CRT_SECURE_NO_WARNINGS. See online help for details.
C:\Program Files (x86)\Windows Kits\10\Include\10.0.18362.0\ucrt\stdlib.h(1191): message : 参见“getenv”的声明
F:\code\3rdparty\tiff-4.1.0\tiff-4.1.0\libtiff\tif_jpeg.c(2460,1): warning C4996: 'getenv': This function or variable may be unsafe. Consider using _dupenv_s instead. To disable deprecation, use _CRT_SECURE_NO_WARNINGS. See online help for details.
  tif_jpeg_12.c
  tif_luv.c
  正在生成代码...
  正在编译...
  tif_lzma.c
  tif_lzw.c
  tif_next.c
  tif_ojpeg.c
  tif_open.c
C:\Program Files (x86)\Windows Kits\10\Include\10.0.18362.0\ucrt\stdlib.h(1191): message : 参见“getenv”的声明
  tif_packbits.c
  tif_pixarlog.c
  tif_predict.c
  tif_print.c
  tif_read.c
  tif_strip.c
  tif_swab.c
  tif_thunder.c
  tif_tile.c
  tif_version.c
  tif_warning.c
  tif_webp.c
  tif_write.c
  tif_zip.c
  tif_zstd.c
  正在生成代码...
  正在编译...
  tif_win32.c
F:\code\3rdparty\tiff-4.1.0\tiff-4.1.0\libtiff\tif_open.c(124,8): warning C4996: 'strcpy': This function or variable may be unsafe. Consider using strcpy_s instead. To disable deprecation, use _CRT_SECURE_NO_WARNINGS. See online help for details.
F:\code\3rdparty\tiff-4.1.0\tiff-4.1.0\libtiff\tif_win32.c(240,49): warning C4312: “类型强制转换”: 从“int”转换到更大的“thandle_t”
F:\code\3rdparty\tiff-4.1.0\tiff-4.1.0\libtiff\tif_win32.c(285,26): warning C4311: “类型强制转换”: 从“thandle_t”到“int”的指针截断
  dummy.c
  getopt.c
  strcasecmp.c
  正在生成代码...
F:\code\3rdparty\tiff-4.1.0\tiff-4.1.0\libtiff\tif_win32.c(340,26): warning C4311: “类型强制转换”: 从“thandle_t”到“int”的指针截断
  jpeg.lib(jerror.obj) : 找到 MSIL .netmodule 或使用 /GL 编译的模块；正在使用 /LTCG 重新启动链接；将 /LTCG 添加到链接命令行以改进链接器性能
    正在创建库 F:/code/3rdparty/tiff-4.1.0/vs2019/libtiff/Release/tiff.lib 和对象 F:/code/3rdparty/tiff-4.1.0/vs2019/libtiff/Release/tiff.exp
  正在生成代码
  已完成代码的生成
  tiff.vcxproj -> F:\code\3rdparty\tiff-4.1.0\vs2019\libtiff\Release\tiff.dll
